Wed Oct 28 23:54:41 EET 2015 Starting program...
Wed Oct 28 23:54:41 EET 2015 Program 'r' is in progress
Wed Oct 28 23:54:41 EET 2015 Turning right!
Wed Oct 28 23:54:41 EET 2015 Program 'r' is done

Wed Oct 28 23:54:41 EET 2015 Starting program...
Wed Oct 28 23:54:41 EET 2015 Program 'l' is in progress
Wed Oct 28 23:54:41 EET 2015 Turning left!
Wed Oct 28 23:54:41 EET 2015 Program 'l' is done

Wed Oct 28 23:54:41 EET 2015 Starting program...
Wed Oct 28 23:54:41 EET 2015 Program 'lf' is in progress
Wed Oct 28 23:54:41 EET 2015 Turning left!
Wed Oct 28 23:54:41 EET 2015 Making step forward!
Wed Oct 28 23:54:41 EET 2015 Program 'lf' is done

Wed Oct 28 23:54:41 EET 2015 Starting program...
Wed Oct 28 23:54:41 EET 2015 Program 'rf' is in progress
Wed Oct 28 23:54:41 EET 2015 Turning right!
Wed Oct 28 23:54:41 EET 2015 Making step forward!
Wed Oct 28 23:54:41 EET 2015 Program 'rf' is done

Wed Oct 28 23:54:41 EET 2015 Starting program...
Wed Oct 28 23:54:41 EET 2015 Program 'rrfffff' is in progress
Wed Oct 28 23:54:41 EET 2015 Turning right!
Wed Oct 28 23:54:41 EET 2015 Turning right!
Wed Oct 28 23:54:41 EET 2015 Making step forward!
Wed Oct 28 23:54:41 EET 2015 Making step forward!
Wed Oct 28 23:54:41 EET 2015 Making step forward!
Wed Oct 28 23:54:41 EET 2015 Making step forward!
Wed Oct 28 23:54:41 EET 2015 Making step forward!
Wed Oct 28 23:54:41 EET 2015 Program 'rrfffff' is done

Wed Oct 28 23:54:42 EET 2015 Starting program...
Wed Oct 28 23:54:42 EET 2015 Program 'r' is in progress
Wed Oct 28 23:54:42 EET 2015 Turning right!
Wed Oct 28 23:54:42 EET 2015 Program 'r' is done

Wed Oct 28 23:54:42 EET 2015 Starting program...
Wed Oct 28 23:54:42 EET 2015 Program 'l' is in progress
Wed Oct 28 23:54:42 EET 2015 Turning left!
Wed Oct 28 23:54:42 EET 2015 Program 'l' is done

Wed Oct 28 23:54:42 EET 2015 Starting program...
Wed Oct 28 23:54:42 EET 2015 Program 'f' is in progress
Wed Oct 28 23:54:42 EET 2015 Making step forward!
Wed Oct 28 23:54:42 EET 2015 Program 'f' is done

Wed Oct 28 23:54:42 EET 2015 Starting program...
Wed Oct 28 23:54:42 EET 2015 Program 'fr' is in progress
Wed Oct 28 23:54:42 EET 2015 Making step forward!
Wed Oct 28 23:54:42 EET 2015 Turning right!
Wed Oct 28 23:54:42 EET 2015 Program 'fr' is done

Wed Oct 28 23:54:42 EET 2015 Starting program...
Wed Oct 28 23:54:42 EET 2015 Program 'rrfffff' is in progress
Wed Oct 28 23:54:42 EET 2015 Turning right!
Wed Oct 28 23:54:42 EET 2015 Turning right!
Wed Oct 28 23:54:42 EET 2015 Making step forward!
Wed Oct 28 23:54:42 EET 2015 Making step forward!
Wed Oct 28 23:54:42 EET 2015 Making step forward!
Wed Oct 28 23:54:42 EET 2015 Making step forward!
Wed Oct 28 23:54:42 EET 2015 Making step forward!
Wed Oct 28 23:54:42 EET 2015 Program 'rrfffff' is done

Wed Oct 28 23:54:42 EET 2015 Starting program...
Wed Oct 28 23:54:42 EET 2015 Program 'rrf' is in progress
Wed Oct 28 23:54:42 EET 2015 Turning right!
Wed Oct 28 23:54:42 EET 2015 Turning right!
Wed Oct 28 23:54:42 EET 2015 Making step forward!
Wed Oct 28 23:54:42 EET 2015 Program 'rrf' is done

Wed Oct 28 23:54:42 EET 2015 Starting program...
Wed Oct 28 23:54:42 EET 2015 Program ' ' is in progress
Wed Oct 28 23:54:42 EET 2015 Program ' ' is done

Wed Oct 28 23:57:13 EET 2015 Starting program...
Wed Oct 28 23:57:13 EET 2015 Program 'r' is in progress
Wed Oct 28 23:57:13 EET 2015 Turning right!
Wed Oct 28 23:57:13 EET 2015 Program 'r' is done

Wed Oct 28 23:57:13 EET 2015 Starting program...
Wed Oct 28 23:57:13 EET 2015 Program 'l' is in progress
Wed Oct 28 23:57:13 EET 2015 Turning left!
Wed Oct 28 23:57:13 EET 2015 Program 'l' is done

Wed Oct 28 23:57:13 EET 2015 Starting program...
Wed Oct 28 23:57:13 EET 2015 Program 'lf' is in progress
Wed Oct 28 23:57:13 EET 2015 Turning left!
Wed Oct 28 23:57:13 EET 2015 Making step forward!
Wed Oct 28 23:57:13 EET 2015 Program 'lf' is done

Wed Oct 28 23:57:13 EET 2015 Starting program...
Wed Oct 28 23:57:13 EET 2015 Program 'rf' is in progress
Wed Oct 28 23:57:13 EET 2015 Turning right!
Wed Oct 28 23:57:13 EET 2015 Making step forward!
Wed Oct 28 23:57:13 EET 2015 Program 'rf' is done

Wed Oct 28 23:57:13 EET 2015 Starting program...
Wed Oct 28 23:57:13 EET 2015 Program 'rrfffff' is in progress
Wed Oct 28 23:57:13 EET 2015 Turning right!
Wed Oct 28 23:57:13 EET 2015 Turning right!
Wed Oct 28 23:57:13 EET 2015 Making step forward!
Wed Oct 28 23:57:13 EET 2015 Making step forward!
Wed Oct 28 23:57:13 EET 2015 Making step forward!
Wed Oct 28 23:57:13 EET 2015 Making step forward!
Wed Oct 28 23:57:13 EET 2015 Making step forward!
Wed Oct 28 23:57:13 EET 2015 Program 'rrfffff' is done

Wed Oct 28 23:57:36 EET 2015 Starting program...
Wed Oct 28 23:57:36 EET 2015 Program 'r' is in progress
Wed Oct 28 23:57:36 EET 2015 Turning right!
Wed Oct 28 23:57:36 EET 2015 Program 'r' is done

Wed Oct 28 23:57:36 EET 2015 Starting program...
Wed Oct 28 23:57:36 EET 2015 Program 'l' is in progress
Wed Oct 28 23:57:36 EET 2015 Turning left!
Wed Oct 28 23:57:36 EET 2015 Program 'l' is done

Wed Oct 28 23:57:36 EET 2015 Starting program...
Wed Oct 28 23:57:36 EET 2015 Program 'f' is in progress
Wed Oct 28 23:57:36 EET 2015 Making step forward!
Wed Oct 28 23:57:36 EET 2015 Program 'f' is done

Wed Oct 28 23:57:36 EET 2015 Starting program...
Wed Oct 28 23:57:36 EET 2015 Program 'fr' is in progress
Wed Oct 28 23:57:36 EET 2015 Making step forward!
Wed Oct 28 23:57:36 EET 2015 Turning right!
Wed Oct 28 23:57:36 EET 2015 Program 'fr' is done

Wed Oct 28 23:57:36 EET 2015 Starting program...
Wed Oct 28 23:57:36 EET 2015 Program 'rrfffff' is in progress
Wed Oct 28 23:57:36 EET 2015 Turning right!
Wed Oct 28 23:57:36 EET 2015 Turning right!
Wed Oct 28 23:57:36 EET 2015 Making step forward!
Wed Oct 28 23:57:36 EET 2015 Making step forward!
Wed Oct 28 23:57:36 EET 2015 Making step forward!
Wed Oct 28 23:57:36 EET 2015 Making step forward!
Wed Oct 28 23:57:36 EET 2015 Making step forward!
Wed Oct 28 23:57:36 EET 2015 Program 'rrfffff' is done

Wed Oct 28 23:57:36 EET 2015 Starting program...
Wed Oct 28 23:57:36 EET 2015 Program 'rrf' is in progress
Wed Oct 28 23:57:36 EET 2015 Turning right!
Wed Oct 28 23:57:36 EET 2015 Turning right!
Wed Oct 28 23:57:36 EET 2015 Making step forward!
Wed Oct 28 23:57:36 EET 2015 Program 'rrf' is done

Wed Oct 28 23:57:36 EET 2015 Starting program...
Wed Oct 28 23:57:36 EET 2015 Program ' ' is in progress
Wed Oct 28 23:57:36 EET 2015 Program ' ' is done

Thu Oct 29 00:10:22 EET 2015 Starting program...
Thu Oct 29 00:10:22 EET 2015 Program 'r' is in progress
Thu Oct 29 00:10:22 EET 2015 Turning right!
Thu Oct 29 00:10:22 EET 2015 Program 'r' is done

Thu Oct 29 00:10:22 EET 2015 Starting program...
Thu Oct 29 00:10:22 EET 2015 Program 'l' is in progress
Thu Oct 29 00:10:22 EET 2015 Turning left!
Thu Oct 29 00:10:22 EET 2015 Program 'l' is done

Thu Oct 29 00:10:22 EET 2015 Starting program...
Thu Oct 29 00:10:22 EET 2015 Program 'lf' is in progress
Thu Oct 29 00:10:22 EET 2015 Turning left!
Thu Oct 29 00:10:22 EET 2015 Making step forward!
Thu Oct 29 00:10:22 EET 2015 Program 'lf' is done

Thu Oct 29 00:10:22 EET 2015 Starting program...
Thu Oct 29 00:10:22 EET 2015 Program 'rf' is in progress
Thu Oct 29 00:10:22 EET 2015 Turning right!
Thu Oct 29 00:10:22 EET 2015 Making step forward!
Thu Oct 29 00:10:22 EET 2015 Program 'rf' is done

Thu Oct 29 00:10:22 EET 2015 Starting program...
Thu Oct 29 00:10:22 EET 2015 Program 'rrfffff' is in progress
Thu Oct 29 00:10:22 EET 2015 Turning right!
Thu Oct 29 00:10:22 EET 2015 Turning right!
Thu Oct 29 00:10:22 EET 2015 Making step forward!
Thu Oct 29 00:10:22 EET 2015 Making step forward!
Thu Oct 29 00:10:22 EET 2015 Making step forward!
Thu Oct 29 00:10:22 EET 2015 Making step forward!
Thu Oct 29 00:10:22 EET 2015 Making step forward!
Thu Oct 29 00:10:22 EET 2015 Program 'rrfffff' is done

Thu Oct 29 00:10:22 EET 2015 Starting program...
Thu Oct 29 00:10:22 EET 2015 Program 'r' is in progress
Thu Oct 29 00:10:22 EET 2015 Turning right!
Thu Oct 29 00:10:22 EET 2015 Program 'r' is done

Thu Oct 29 00:10:22 EET 2015 Starting program...
Thu Oct 29 00:10:22 EET 2015 Program 'l' is in progress
Thu Oct 29 00:10:22 EET 2015 Turning left!
Thu Oct 29 00:10:22 EET 2015 Program 'l' is done

Thu Oct 29 00:10:22 EET 2015 Starting program...
Thu Oct 29 00:10:22 EET 2015 Program 'f' is in progress
Thu Oct 29 00:10:22 EET 2015 Making step forward!
Thu Oct 29 00:10:22 EET 2015 Program 'f' is done

Thu Oct 29 00:10:22 EET 2015 Starting program...
Thu Oct 29 00:10:22 EET 2015 Program 'fr' is in progress
Thu Oct 29 00:10:22 EET 2015 Making step forward!
Thu Oct 29 00:10:22 EET 2015 Turning right!
Thu Oct 29 00:10:22 EET 2015 Program 'fr' is done

Thu Oct 29 00:10:22 EET 2015 Starting program...
Thu Oct 29 00:10:22 EET 2015 Program 'rrfffff' is in progress
Thu Oct 29 00:10:22 EET 2015 Turning right!
Thu Oct 29 00:10:22 EET 2015 Turning right!
Thu Oct 29 00:10:22 EET 2015 Making step forward!
Thu Oct 29 00:10:22 EET 2015 Making step forward!
Thu Oct 29 00:10:22 EET 2015 Making step forward!
Thu Oct 29 00:10:22 EET 2015 Making step forward!
Thu Oct 29 00:10:22 EET 2015 Making step forward!
Thu Oct 29 00:10:22 EET 2015 Program 'rrfffff' is done

Thu Oct 29 00:10:22 EET 2015 Starting program...
Thu Oct 29 00:10:22 EET 2015 Program 'rrf' is in progress
Thu Oct 29 00:10:22 EET 2015 Turning right!
Thu Oct 29 00:10:22 EET 2015 Turning right!
Thu Oct 29 00:10:22 EET 2015 Making step forward!
Thu Oct 29 00:10:22 EET 2015 Program 'rrf' is done

Thu Oct 29 00:10:22 EET 2015 Starting program...
Thu Oct 29 00:10:22 EET 2015 Program ' ' is in progress
Thu Oct 29 00:10:22 EET 2015 Program ' ' is done

Thu Oct 29 00:10:47 EET 2015 Starting program...
Thu Oct 29 00:10:47 EET 2015 Program 'r' is in progress
Thu Oct 29 00:10:47 EET 2015 Turning right!
Thu Oct 29 00:10:47 EET 2015 Program 'r' is done

Thu Oct 29 00:10:47 EET 2015 Starting program...
Thu Oct 29 00:10:47 EET 2015 Program 'l' is in progress
Thu Oct 29 00:10:47 EET 2015 Turning left!
Thu Oct 29 00:10:47 EET 2015 Program 'l' is done

Thu Oct 29 00:10:47 EET 2015 Starting program...
Thu Oct 29 00:10:47 EET 2015 Program 'lf' is in progress
Thu Oct 29 00:10:47 EET 2015 Turning left!
Thu Oct 29 00:10:47 EET 2015 Making step forward!
Thu Oct 29 00:10:47 EET 2015 Program 'lf' is done

Thu Oct 29 00:10:47 EET 2015 Starting program...
Thu Oct 29 00:10:47 EET 2015 Program 'rf' is in progress
Thu Oct 29 00:10:47 EET 2015 Turning right!
Thu Oct 29 00:10:47 EET 2015 Making step forward!
Thu Oct 29 00:10:47 EET 2015 Program 'rf' is done

Thu Oct 29 00:10:47 EET 2015 Starting program...
Thu Oct 29 00:10:47 EET 2015 Program 'rrfffff' is in progress
Thu Oct 29 00:10:47 EET 2015 Turning right!
Thu Oct 29 00:10:47 EET 2015 Turning right!
Thu Oct 29 00:10:47 EET 2015 Making step forward!
Thu Oct 29 00:10:47 EET 2015 Making step forward!
Thu Oct 29 00:10:47 EET 2015 Making step forward!
Thu Oct 29 00:10:47 EET 2015 Making step forward!
Thu Oct 29 00:10:47 EET 2015 Making step forward!
Thu Oct 29 00:10:47 EET 2015 Program 'rrfffff' is done

Thu Oct 29 00:10:47 EET 2015 Starting program...
Thu Oct 29 00:10:47 EET 2015 Program 'r' is in progress
Thu Oct 29 00:10:47 EET 2015 Turning right!
Thu Oct 29 00:10:47 EET 2015 Program 'r' is done

Thu Oct 29 00:10:47 EET 2015 Starting program...
Thu Oct 29 00:10:47 EET 2015 Program 'l' is in progress
Thu Oct 29 00:10:47 EET 2015 Turning left!
Thu Oct 29 00:10:47 EET 2015 Program 'l' is done

Thu Oct 29 00:10:47 EET 2015 Starting program...
Thu Oct 29 00:10:47 EET 2015 Program 'f' is in progress
Thu Oct 29 00:10:47 EET 2015 Making step forward!
Thu Oct 29 00:10:47 EET 2015 Program 'f' is done

Thu Oct 29 00:10:47 EET 2015 Starting program...
Thu Oct 29 00:10:47 EET 2015 Program 'fr' is in progress
Thu Oct 29 00:10:47 EET 2015 Making step forward!
Thu Oct 29 00:10:47 EET 2015 Turning right!
Thu Oct 29 00:10:47 EET 2015 Program 'fr' is done

Thu Oct 29 00:10:47 EET 2015 Starting program...
Thu Oct 29 00:10:47 EET 2015 Program 'rrfffff' is in progress
Thu Oct 29 00:10:47 EET 2015 Turning right!
Thu Oct 29 00:10:47 EET 2015 Turning right!
Thu Oct 29 00:10:47 EET 2015 Making step forward!
Thu Oct 29 00:10:47 EET 2015 Making step forward!
Thu Oct 29 00:10:47 EET 2015 Making step forward!
Thu Oct 29 00:10:47 EET 2015 Making step forward!
Thu Oct 29 00:10:47 EET 2015 Making step forward!
Thu Oct 29 00:10:47 EET 2015 Program 'rrfffff' is done

Thu Oct 29 00:10:47 EET 2015 Starting program...
Thu Oct 29 00:10:47 EET 2015 Program 'rrf' is in progress
Thu Oct 29 00:10:47 EET 2015 Turning right!
Thu Oct 29 00:10:47 EET 2015 Turning right!
Thu Oct 29 00:10:47 EET 2015 Making step forward!
Thu Oct 29 00:10:47 EET 2015 Program 'rrf' is done

Thu Oct 29 00:10:47 EET 2015 Starting program...
Thu Oct 29 00:10:47 EET 2015 Program ' ' is in progress
Thu Oct 29 00:10:47 EET 2015 Program ' ' is done

Thu Oct 29 00:17:29 EET 2015 Starting program...
Thu Oct 29 00:17:29 EET 2015 Program 'r' is in progress
Thu Oct 29 00:17:29 EET 2015 Turning right!
Thu Oct 29 00:17:29 EET 2015 Program 'r' is done

Thu Oct 29 00:17:29 EET 2015 Starting program...
Thu Oct 29 00:17:29 EET 2015 Program 'l' is in progress
Thu Oct 29 00:17:29 EET 2015 Turning left!
Thu Oct 29 00:17:29 EET 2015 Program 'l' is done

Thu Oct 29 00:17:29 EET 2015 Starting program...
Thu Oct 29 00:17:29 EET 2015 Program 'lf' is in progress
Thu Oct 29 00:17:29 EET 2015 Turning left!
Thu Oct 29 00:17:29 EET 2015 Making step forward!
Thu Oct 29 00:17:29 EET 2015 Program 'lf' is done

Thu Oct 29 00:17:29 EET 2015 Starting program...
Thu Oct 29 00:17:29 EET 2015 Program 'rf' is in progress
Thu Oct 29 00:17:29 EET 2015 Turning right!
Thu Oct 29 00:17:29 EET 2015 Making step forward!
Thu Oct 29 00:17:29 EET 2015 Program 'rf' is done

Thu Oct 29 00:17:29 EET 2015 Starting program...
Thu Oct 29 00:17:29 EET 2015 Program 'rrfffff' is in progress
Thu Oct 29 00:17:29 EET 2015 Turning right!
Thu Oct 29 00:17:29 EET 2015 Turning right!
Thu Oct 29 00:17:29 EET 2015 Making step forward!
Thu Oct 29 00:17:29 EET 2015 Making step forward!
Thu Oct 29 00:17:29 EET 2015 Making step forward!
Thu Oct 29 00:17:29 EET 2015 Making step forward!
Thu Oct 29 00:17:29 EET 2015 Making step forward!
Thu Oct 29 00:17:29 EET 2015 Program 'rrfffff' is done

Thu Oct 29 00:17:29 EET 2015 Starting program...
Thu Oct 29 00:17:29 EET 2015 Program 'r' is in progress
Thu Oct 29 00:17:29 EET 2015 Turning right!
Thu Oct 29 00:17:29 EET 2015 Program 'r' is done

Thu Oct 29 00:17:29 EET 2015 Starting program...
Thu Oct 29 00:17:29 EET 2015 Program 'l' is in progress
Thu Oct 29 00:17:29 EET 2015 Turning left!
Thu Oct 29 00:17:29 EET 2015 Program 'l' is done

Thu Oct 29 00:17:29 EET 2015 Starting program...
Thu Oct 29 00:17:29 EET 2015 Program 'f' is in progress
Thu Oct 29 00:17:29 EET 2015 Making step forward!
Thu Oct 29 00:17:29 EET 2015 Program 'f' is done

Thu Oct 29 00:17:29 EET 2015 Starting program...
Thu Oct 29 00:17:29 EET 2015 Program 'fr' is in progress
Thu Oct 29 00:17:29 EET 2015 Making step forward!
Thu Oct 29 00:17:29 EET 2015 Turning right!
Thu Oct 29 00:17:29 EET 2015 Program 'fr' is done

Thu Oct 29 00:17:29 EET 2015 Starting program...
Thu Oct 29 00:17:29 EET 2015 Program 'rrfffff' is in progress
Thu Oct 29 00:17:29 EET 2015 Turning right!
Thu Oct 29 00:17:29 EET 2015 Turning right!
Thu Oct 29 00:17:29 EET 2015 Making step forward!
Thu Oct 29 00:17:29 EET 2015 Making step forward!
Thu Oct 29 00:17:29 EET 2015 Making step forward!
Thu Oct 29 00:17:29 EET 2015 Making step forward!
Thu Oct 29 00:17:29 EET 2015 Making step forward!
Thu Oct 29 00:17:29 EET 2015 Program 'rrfffff' is done

Thu Oct 29 00:17:29 EET 2015 Starting program...
Thu Oct 29 00:17:29 EET 2015 Program 'rrf' is in progress
Thu Oct 29 00:17:29 EET 2015 Turning right!
Thu Oct 29 00:17:29 EET 2015 Turning right!
Thu Oct 29 00:17:29 EET 2015 Making step forward!
Thu Oct 29 00:17:29 EET 2015 Program 'rrf' is done

Thu Oct 29 00:17:29 EET 2015 Starting program...
Thu Oct 29 00:17:29 EET 2015 Program ' ' is in progress
Thu Oct 29 00:17:29 EET 2015 Program ' ' is done

Thu Oct 29 00:17:48 EET 2015 Starting program...
Thu Oct 29 00:17:48 EET 2015 Program 'r' is in progress
Thu Oct 29 00:17:48 EET 2015 Turning right!
Thu Oct 29 00:17:48 EET 2015 Program 'r' is done

Thu Oct 29 00:17:48 EET 2015 Starting program...
Thu Oct 29 00:17:48 EET 2015 Program 'l' is in progress
Thu Oct 29 00:17:48 EET 2015 Turning left!
Thu Oct 29 00:17:48 EET 2015 Program 'l' is done

Thu Oct 29 00:17:48 EET 2015 Starting program...
Thu Oct 29 00:17:48 EET 2015 Program 'lf' is in progress
Thu Oct 29 00:17:48 EET 2015 Turning left!
Thu Oct 29 00:17:48 EET 2015 Making step forward!
Thu Oct 29 00:17:48 EET 2015 Program 'lf' is done

Thu Oct 29 00:17:48 EET 2015 Starting program...
Thu Oct 29 00:17:48 EET 2015 Program 'rf' is in progress
Thu Oct 29 00:17:48 EET 2015 Turning right!
Thu Oct 29 00:17:48 EET 2015 Making step forward!
Thu Oct 29 00:17:48 EET 2015 Program 'rf' is done

Thu Oct 29 00:17:48 EET 2015 Starting program...
Thu Oct 29 00:17:48 EET 2015 Program 'rrfffff' is in progress
Thu Oct 29 00:17:48 EET 2015 Turning right!
Thu Oct 29 00:17:48 EET 2015 Turning right!
Thu Oct 29 00:17:48 EET 2015 Making step forward!
Thu Oct 29 00:17:48 EET 2015 Making step forward!
Thu Oct 29 00:17:48 EET 2015 Making step forward!
Thu Oct 29 00:17:48 EET 2015 Making step forward!
Thu Oct 29 00:17:48 EET 2015 Making step forward!
Thu Oct 29 00:17:48 EET 2015 Program 'rrfffff' is done

Thu Oct 29 00:17:49 EET 2015 Starting program...
Thu Oct 29 00:17:49 EET 2015 Program 'r' is in progress
Thu Oct 29 00:17:49 EET 2015 Turning right!
Thu Oct 29 00:17:49 EET 2015 Program 'r' is done

Thu Oct 29 00:17:49 EET 2015 Starting program...
Thu Oct 29 00:17:49 EET 2015 Program 'l' is in progress
Thu Oct 29 00:17:49 EET 2015 Turning left!
Thu Oct 29 00:17:49 EET 2015 Program 'l' is done

Thu Oct 29 00:17:49 EET 2015 Starting program...
Thu Oct 29 00:17:49 EET 2015 Program 'f' is in progress
Thu Oct 29 00:17:49 EET 2015 Making step forward!
Thu Oct 29 00:17:49 EET 2015 Program 'f' is done

Thu Oct 29 00:17:49 EET 2015 Starting program...
Thu Oct 29 00:17:49 EET 2015 Program 'fr' is in progress
Thu Oct 29 00:17:49 EET 2015 Making step forward!
Thu Oct 29 00:17:49 EET 2015 Turning right!
Thu Oct 29 00:17:49 EET 2015 Program 'fr' is done

Thu Oct 29 00:17:49 EET 2015 Starting program...
Thu Oct 29 00:17:49 EET 2015 Program 'rrfffff' is in progress
Thu Oct 29 00:17:49 EET 2015 Turning right!
Thu Oct 29 00:17:49 EET 2015 Turning right!
Thu Oct 29 00:17:49 EET 2015 Making step forward!
Thu Oct 29 00:17:49 EET 2015 Making step forward!
Thu Oct 29 00:17:49 EET 2015 Making step forward!
Thu Oct 29 00:17:49 EET 2015 Making step forward!
Thu Oct 29 00:17:49 EET 2015 Making step forward!
Thu Oct 29 00:17:49 EET 2015 Program 'rrfffff' is done

Thu Oct 29 00:17:49 EET 2015 Starting program...
Thu Oct 29 00:17:49 EET 2015 Program 'rrf' is in progress
Thu Oct 29 00:17:49 EET 2015 Turning right!
Thu Oct 29 00:17:49 EET 2015 Turning right!
Thu Oct 29 00:17:49 EET 2015 Making step forward!
Thu Oct 29 00:17:49 EET 2015 Program 'rrf' is done

Thu Oct 29 00:17:49 EET 2015 Starting program...
Thu Oct 29 00:17:49 EET 2015 Program ' ' is in progress
Thu Oct 29 00:17:49 EET 2015 Program ' ' is done

Thu Oct 29 00:24:41 EET 2015 Starting program...
Thu Oct 29 00:24:41 EET 2015 Program 'r' is in progress
Thu Oct 29 00:24:41 EET 2015 Turning right!
Thu Oct 29 00:24:41 EET 2015 Program 'r' is done

Thu Oct 29 00:24:41 EET 2015 Starting program...
Thu Oct 29 00:24:41 EET 2015 Program 'l' is in progress
Thu Oct 29 00:24:41 EET 2015 Turning left!
Thu Oct 29 00:24:41 EET 2015 Program 'l' is done

Thu Oct 29 00:24:41 EET 2015 Starting program...
Thu Oct 29 00:24:41 EET 2015 Program 'lf' is in progress
Thu Oct 29 00:24:41 EET 2015 Turning left!
Thu Oct 29 00:24:41 EET 2015 Making step forward!
Thu Oct 29 00:24:41 EET 2015 Program 'lf' is done

Thu Oct 29 00:24:41 EET 2015 Starting program...
Thu Oct 29 00:24:41 EET 2015 Program 'rf' is in progress
Thu Oct 29 00:24:41 EET 2015 Turning right!
Thu Oct 29 00:24:41 EET 2015 Making step forward!
Thu Oct 29 00:24:41 EET 2015 Program 'rf' is done

Thu Oct 29 00:24:41 EET 2015 Starting program...
Thu Oct 29 00:24:41 EET 2015 Program 'rrfffff' is in progress
Thu Oct 29 00:24:41 EET 2015 Turning right!
Thu Oct 29 00:24:41 EET 2015 Turning right!
Thu Oct 29 00:24:41 EET 2015 Making step forward!
Thu Oct 29 00:24:41 EET 2015 Making step forward!
Thu Oct 29 00:24:41 EET 2015 Making step forward!
Thu Oct 29 00:24:41 EET 2015 Making step forward!
Thu Oct 29 00:24:41 EET 2015 Making step forward!
Thu Oct 29 00:24:41 EET 2015 Program 'rrfffff' is done

Thu Oct 29 00:24:41 EET 2015 Starting program...
Thu Oct 29 00:24:41 EET 2015 Program 'r' is in progress
Thu Oct 29 00:24:41 EET 2015 Turning right!
Thu Oct 29 00:24:41 EET 2015 Program 'r' is done

Thu Oct 29 00:24:41 EET 2015 Starting program...
Thu Oct 29 00:24:41 EET 2015 Program 'l' is in progress
Thu Oct 29 00:24:41 EET 2015 Turning left!
Thu Oct 29 00:24:41 EET 2015 Program 'l' is done

Thu Oct 29 00:24:41 EET 2015 Starting program...
Thu Oct 29 00:24:41 EET 2015 Program 'f' is in progress
Thu Oct 29 00:24:41 EET 2015 Making step forward!
Thu Oct 29 00:24:41 EET 2015 Program 'f' is done

Thu Oct 29 00:24:41 EET 2015 Starting program...
Thu Oct 29 00:24:41 EET 2015 Program 'fr' is in progress
Thu Oct 29 00:24:41 EET 2015 Making step forward!
Thu Oct 29 00:24:41 EET 2015 Turning right!
Thu Oct 29 00:24:41 EET 2015 Program 'fr' is done

Thu Oct 29 00:24:41 EET 2015 Starting program...
Thu Oct 29 00:24:41 EET 2015 Program 'rrfffff' is in progress
Thu Oct 29 00:24:41 EET 2015 Turning right!
Thu Oct 29 00:24:41 EET 2015 Turning right!
Thu Oct 29 00:24:41 EET 2015 Making step forward!
Thu Oct 29 00:24:41 EET 2015 Making step forward!
Thu Oct 29 00:24:41 EET 2015 Making step forward!
Thu Oct 29 00:24:41 EET 2015 Making step forward!
Thu Oct 29 00:24:41 EET 2015 Making step forward!
Thu Oct 29 00:24:41 EET 2015 Program 'rrfffff' is done

Thu Oct 29 00:24:41 EET 2015 Starting program...
Thu Oct 29 00:24:41 EET 2015 Program 'rrf' is in progress
Thu Oct 29 00:24:41 EET 2015 Turning right!
Thu Oct 29 00:24:41 EET 2015 Turning right!
Thu Oct 29 00:24:41 EET 2015 Making step forward!
Thu Oct 29 00:24:41 EET 2015 Program 'rrf' is done

Thu Oct 29 00:24:41 EET 2015 Starting program...
Thu Oct 29 00:24:41 EET 2015 Program ' ' is in progress
Thu Oct 29 00:24:41 EET 2015 Program ' ' is done

Thu Oct 29 00:25:45 EET 2015 Starting program...
Thu Oct 29 00:25:45 EET 2015 Program 'r' is in progress
Thu Oct 29 00:25:45 EET 2015 Turning right!
Thu Oct 29 00:25:45 EET 2015 Program 'r' is done

Thu Oct 29 00:25:45 EET 2015 Starting program...
Thu Oct 29 00:25:45 EET 2015 Program 'l' is in progress
Thu Oct 29 00:25:45 EET 2015 Turning left!
Thu Oct 29 00:25:45 EET 2015 Program 'l' is done

Thu Oct 29 00:25:45 EET 2015 Starting program...
Thu Oct 29 00:25:45 EET 2015 Program 'lf' is in progress
Thu Oct 29 00:25:45 EET 2015 Turning left!
Thu Oct 29 00:25:45 EET 2015 Making step forward!
Thu Oct 29 00:25:45 EET 2015 Program 'lf' is done

Thu Oct 29 00:25:45 EET 2015 Starting program...
Thu Oct 29 00:25:45 EET 2015 Program 'rf' is in progress
Thu Oct 29 00:25:45 EET 2015 Turning right!
Thu Oct 29 00:25:45 EET 2015 Making step forward!
Thu Oct 29 00:25:45 EET 2015 Program 'rf' is done

Thu Oct 29 00:25:45 EET 2015 Starting program...
Thu Oct 29 00:25:45 EET 2015 Program 'rrfffff' is in progress
Thu Oct 29 00:25:45 EET 2015 Turning right!
Thu Oct 29 00:25:45 EET 2015 Turning right!
Thu Oct 29 00:25:45 EET 2015 Making step forward!
Thu Oct 29 00:25:45 EET 2015 Making step forward!
Thu Oct 29 00:25:45 EET 2015 Making step forward!
Thu Oct 29 00:25:45 EET 2015 Making step forward!
Thu Oct 29 00:25:45 EET 2015 Making step forward!
Thu Oct 29 00:25:45 EET 2015 Program 'rrfffff' is done

Thu Oct 29 00:25:45 EET 2015 Starting program...
Thu Oct 29 00:25:45 EET 2015 Program 'r' is in progress
Thu Oct 29 00:25:45 EET 2015 Turning right!
Thu Oct 29 00:25:45 EET 2015 Program 'r' is done

Thu Oct 29 00:25:45 EET 2015 Starting program...
Thu Oct 29 00:25:45 EET 2015 Program 'l' is in progress
Thu Oct 29 00:25:45 EET 2015 Turning left!
Thu Oct 29 00:25:45 EET 2015 Program 'l' is done

Thu Oct 29 00:25:45 EET 2015 Starting program...
Thu Oct 29 00:25:45 EET 2015 Program 'f' is in progress
Thu Oct 29 00:25:45 EET 2015 Making step forward!
Thu Oct 29 00:25:45 EET 2015 Program 'f' is done

Thu Oct 29 00:25:45 EET 2015 Starting program...
Thu Oct 29 00:25:45 EET 2015 Program 'fr' is in progress
Thu Oct 29 00:25:45 EET 2015 Making step forward!
Thu Oct 29 00:25:45 EET 2015 Turning right!
Thu Oct 29 00:25:45 EET 2015 Program 'fr' is done

Thu Oct 29 00:25:45 EET 2015 Starting program...
Thu Oct 29 00:25:45 EET 2015 Program 'rrfffff' is in progress
Thu Oct 29 00:25:45 EET 2015 Turning right!
Thu Oct 29 00:25:45 EET 2015 Turning right!
Thu Oct 29 00:25:45 EET 2015 Making step forward!
Thu Oct 29 00:25:45 EET 2015 Making step forward!
Thu Oct 29 00:25:45 EET 2015 Making step forward!
Thu Oct 29 00:25:45 EET 2015 Making step forward!
Thu Oct 29 00:25:45 EET 2015 Making step forward!
Thu Oct 29 00:25:45 EET 2015 Program 'rrfffff' is done

Thu Oct 29 00:25:45 EET 2015 Starting program...
Thu Oct 29 00:25:45 EET 2015 Program 'rrf' is in progress
Thu Oct 29 00:25:45 EET 2015 Turning right!
Thu Oct 29 00:25:45 EET 2015 Turning right!
Thu Oct 29 00:25:45 EET 2015 Making step forward!
Thu Oct 29 00:25:45 EET 2015 Program 'rrf' is done

Thu Oct 29 00:25:45 EET 2015 Starting program...
Thu Oct 29 00:25:45 EET 2015 Program ' ' is in progress
Thu Oct 29 00:25:45 EET 2015 Program ' ' is done

Thu Oct 29 00:29:07 EET 2015 Starting program...
Thu Oct 29 00:29:07 EET 2015 Program 'r' is in progress
Thu Oct 29 00:29:07 EET 2015 Turning right!
Thu Oct 29 00:29:07 EET 2015 Program 'r' is done

Thu Oct 29 00:29:07 EET 2015 Starting program...
Thu Oct 29 00:29:07 EET 2015 Program 'l' is in progress
Thu Oct 29 00:29:07 EET 2015 Turning left!
Thu Oct 29 00:29:07 EET 2015 Program 'l' is done

Thu Oct 29 00:29:07 EET 2015 Starting program...
Thu Oct 29 00:29:07 EET 2015 Program 'lf' is in progress
Thu Oct 29 00:29:07 EET 2015 Turning left!
Thu Oct 29 00:29:07 EET 2015 Making step forward!
Thu Oct 29 00:29:07 EET 2015 Program 'lf' is done

Thu Oct 29 00:29:07 EET 2015 Starting program...
Thu Oct 29 00:29:07 EET 2015 Program 'rf' is in progress
Thu Oct 29 00:29:07 EET 2015 Turning right!
Thu Oct 29 00:29:07 EET 2015 Making step forward!
Thu Oct 29 00:29:07 EET 2015 Program 'rf' is done

Thu Oct 29 00:29:07 EET 2015 Starting program...
Thu Oct 29 00:29:07 EET 2015 Program 'rrfffff' is in progress
Thu Oct 29 00:29:07 EET 2015 Turning right!
Thu Oct 29 00:29:07 EET 2015 Turning right!
Thu Oct 29 00:29:07 EET 2015 Making step forward!
Thu Oct 29 00:29:07 EET 2015 Making step forward!
Thu Oct 29 00:29:07 EET 2015 Making step forward!
Thu Oct 29 00:29:07 EET 2015 Making step forward!
Thu Oct 29 00:29:07 EET 2015 Making step forward!
Thu Oct 29 00:29:07 EET 2015 Program 'rrfffff' is done

Thu Oct 29 00:29:07 EET 2015 Starting program...
Thu Oct 29 00:29:07 EET 2015 Program 'r' is in progress
Thu Oct 29 00:29:07 EET 2015 Turning right!
Thu Oct 29 00:29:07 EET 2015 Program 'r' is done

Thu Oct 29 00:29:07 EET 2015 Starting program...
Thu Oct 29 00:29:07 EET 2015 Program 'l' is in progress
Thu Oct 29 00:29:07 EET 2015 Turning left!
Thu Oct 29 00:29:07 EET 2015 Program 'l' is done

Thu Oct 29 00:29:07 EET 2015 Starting program...
Thu Oct 29 00:29:07 EET 2015 Program 'f' is in progress
Thu Oct 29 00:29:07 EET 2015 Making step forward!
Thu Oct 29 00:29:07 EET 2015 Program 'f' is done

Thu Oct 29 00:29:07 EET 2015 Starting program...
Thu Oct 29 00:29:07 EET 2015 Program 'fr' is in progress
Thu Oct 29 00:29:07 EET 2015 Making step forward!
Thu Oct 29 00:29:07 EET 2015 Turning right!
Thu Oct 29 00:29:07 EET 2015 Program 'fr' is done

Thu Oct 29 00:29:07 EET 2015 Starting program...
Thu Oct 29 00:29:07 EET 2015 Program 'rrfffff' is in progress
Thu Oct 29 00:29:07 EET 2015 Turning right!
Thu Oct 29 00:29:07 EET 2015 Turning right!
Thu Oct 29 00:29:07 EET 2015 Making step forward!
Thu Oct 29 00:29:07 EET 2015 Making step forward!
Thu Oct 29 00:29:07 EET 2015 Making step forward!
Thu Oct 29 00:29:07 EET 2015 Making step forward!
Thu Oct 29 00:29:07 EET 2015 Making step forward!
Thu Oct 29 00:29:07 EET 2015 Program 'rrfffff' is done

Thu Oct 29 00:29:07 EET 2015 Starting program...
Thu Oct 29 00:29:07 EET 2015 Program 'rrf' is in progress
Thu Oct 29 00:29:07 EET 2015 Turning right!
Thu Oct 29 00:29:07 EET 2015 Turning right!
Thu Oct 29 00:29:07 EET 2015 Making step forward!
Thu Oct 29 00:29:07 EET 2015 Program 'rrf' is done

Thu Oct 29 00:29:07 EET 2015 Starting program...
Thu Oct 29 00:29:07 EET 2015 Program ' ' is in progress
Thu Oct 29 00:29:07 EET 2015 Program ' ' is done

Thu Oct 29 00:33:14 EET 2015 Starting program...
Thu Oct 29 00:33:14 EET 2015 Program 'r' is in progress
Thu Oct 29 00:33:14 EET 2015 Turning right!
Thu Oct 29 00:33:14 EET 2015 Program 'r' is done

Thu Oct 29 00:33:14 EET 2015 Starting program...
Thu Oct 29 00:33:14 EET 2015 Program 'l' is in progress
Thu Oct 29 00:33:14 EET 2015 Turning left!
Thu Oct 29 00:33:14 EET 2015 Program 'l' is done

Thu Oct 29 00:33:14 EET 2015 Starting program...
Thu Oct 29 00:33:14 EET 2015 Program 'lf' is in progress
Thu Oct 29 00:33:14 EET 2015 Turning left!
Thu Oct 29 00:33:14 EET 2015 Making step forward!
Thu Oct 29 00:33:14 EET 2015 Program 'lf' is done

Thu Oct 29 00:33:14 EET 2015 Starting program...
Thu Oct 29 00:33:14 EET 2015 Program 'rf' is in progress
Thu Oct 29 00:33:14 EET 2015 Turning right!
Thu Oct 29 00:33:14 EET 2015 Making step forward!
Thu Oct 29 00:33:14 EET 2015 Program 'rf' is done

Thu Oct 29 00:33:14 EET 2015 Starting program...
Thu Oct 29 00:33:14 EET 2015 Program 'rrfffff' is in progress
Thu Oct 29 00:33:14 EET 2015 Turning right!
Thu Oct 29 00:33:14 EET 2015 Turning right!
Thu Oct 29 00:33:14 EET 2015 Making step forward!
Thu Oct 29 00:33:14 EET 2015 Making step forward!
Thu Oct 29 00:33:14 EET 2015 Making step forward!
Thu Oct 29 00:33:14 EET 2015 Making step forward!
Thu Oct 29 00:33:14 EET 2015 Making step forward!
Thu Oct 29 00:33:14 EET 2015 Program 'rrfffff' is done

Thu Oct 29 00:33:14 EET 2015 Starting program...
Thu Oct 29 00:33:14 EET 2015 Program 'r' is in progress
Thu Oct 29 00:33:14 EET 2015 Turning right!
Thu Oct 29 00:33:14 EET 2015 Program 'r' is done

Thu Oct 29 00:33:14 EET 2015 Starting program...
Thu Oct 29 00:33:14 EET 2015 Program 'l' is in progress
Thu Oct 29 00:33:14 EET 2015 Turning left!
Thu Oct 29 00:33:14 EET 2015 Program 'l' is done

Thu Oct 29 00:33:14 EET 2015 Starting program...
Thu Oct 29 00:33:14 EET 2015 Program 'f' is in progress
Thu Oct 29 00:33:14 EET 2015 Making step forward!
Thu Oct 29 00:33:14 EET 2015 Program 'f' is done

Thu Oct 29 00:33:14 EET 2015 Starting program...
Thu Oct 29 00:33:14 EET 2015 Program 'fr' is in progress
Thu Oct 29 00:33:14 EET 2015 Making step forward!
Thu Oct 29 00:33:14 EET 2015 Turning right!
Thu Oct 29 00:33:14 EET 2015 Program 'fr' is done

Thu Oct 29 00:33:14 EET 2015 Starting program...
Thu Oct 29 00:33:14 EET 2015 Program 'rrfffff' is in progress
Thu Oct 29 00:33:14 EET 2015 Turning right!
Thu Oct 29 00:33:14 EET 2015 Turning right!
Thu Oct 29 00:33:14 EET 2015 Making step forward!
Thu Oct 29 00:33:14 EET 2015 Making step forward!
Thu Oct 29 00:33:14 EET 2015 Making step forward!
Thu Oct 29 00:33:14 EET 2015 Making step forward!
Thu Oct 29 00:33:14 EET 2015 Making step forward!
Thu Oct 29 00:33:14 EET 2015 Program 'rrfffff' is done

Thu Oct 29 00:33:14 EET 2015 Starting program...
Thu Oct 29 00:33:14 EET 2015 Program 'rrf' is in progress
Thu Oct 29 00:33:14 EET 2015 Turning right!
Thu Oct 29 00:33:14 EET 2015 Turning right!
Thu Oct 29 00:33:14 EET 2015 Making step forward!
Thu Oct 29 00:33:14 EET 2015 Program 'rrf' is done

Thu Oct 29 00:33:14 EET 2015 Starting program...
Thu Oct 29 00:33:14 EET 2015 Program ' ' is in progress
Thu Oct 29 00:33:14 EET 2015 Program ' ' is done

Thu Oct 29 00:40:41 EET 2015 Starting program...
Thu Oct 29 00:40:41 EET 2015 Program 'r' is in progress
Thu Oct 29 00:40:41 EET 2015 Turning right!
Thu Oct 29 00:40:41 EET 2015 Program 'r' is done

Thu Oct 29 00:40:41 EET 2015 Starting program...
Thu Oct 29 00:40:41 EET 2015 Program 'l' is in progress
Thu Oct 29 00:40:41 EET 2015 Turning left!
Thu Oct 29 00:40:41 EET 2015 Program 'l' is done

Thu Oct 29 00:40:41 EET 2015 Starting program...
Thu Oct 29 00:40:41 EET 2015 Program 'lf' is in progress
Thu Oct 29 00:40:41 EET 2015 Turning left!
Thu Oct 29 00:40:41 EET 2015 Making step forward!
Thu Oct 29 00:40:41 EET 2015 Program 'lf' is done

Thu Oct 29 00:40:41 EET 2015 Starting program...
Thu Oct 29 00:40:41 EET 2015 Program 'rf' is in progress
Thu Oct 29 00:40:41 EET 2015 Turning right!
Thu Oct 29 00:40:41 EET 2015 Making step forward!
Thu Oct 29 00:40:41 EET 2015 Program 'rf' is done

Thu Oct 29 00:40:41 EET 2015 Starting program...
Thu Oct 29 00:40:41 EET 2015 Program 'rrfffff' is in progress
Thu Oct 29 00:40:41 EET 2015 Turning right!
Thu Oct 29 00:40:41 EET 2015 Turning right!
Thu Oct 29 00:40:41 EET 2015 Making step forward!
Thu Oct 29 00:40:41 EET 2015 Making step forward!
Thu Oct 29 00:40:41 EET 2015 Making step forward!
Thu Oct 29 00:40:41 EET 2015 Making step forward!
Thu Oct 29 00:40:41 EET 2015 Making step forward!
Thu Oct 29 00:40:41 EET 2015 Program 'rrfffff' is done

Thu Oct 29 00:40:41 EET 2015 Starting program...
Thu Oct 29 00:40:41 EET 2015 Program 'r' is in progress
Thu Oct 29 00:40:41 EET 2015 Turning right!
Thu Oct 29 00:40:41 EET 2015 Program 'r' is done

Thu Oct 29 00:40:41 EET 2015 Starting program...
Thu Oct 29 00:40:41 EET 2015 Program 'l' is in progress
Thu Oct 29 00:40:41 EET 2015 Turning left!
Thu Oct 29 00:40:41 EET 2015 Program 'l' is done

Thu Oct 29 00:40:41 EET 2015 Starting program...
Thu Oct 29 00:40:41 EET 2015 Program 'f' is in progress
Thu Oct 29 00:40:41 EET 2015 Making step forward!
Thu Oct 29 00:40:41 EET 2015 Program 'f' is done

Thu Oct 29 00:40:41 EET 2015 Starting program...
Thu Oct 29 00:40:41 EET 2015 Program 'fr' is in progress
Thu Oct 29 00:40:41 EET 2015 Making step forward!
Thu Oct 29 00:40:41 EET 2015 Turning right!
Thu Oct 29 00:40:41 EET 2015 Program 'fr' is done

Thu Oct 29 00:40:41 EET 2015 Starting program...
Thu Oct 29 00:40:41 EET 2015 Program 'rrfffff' is in progress
Thu Oct 29 00:40:41 EET 2015 Turning right!
Thu Oct 29 00:40:41 EET 2015 Turning right!
Thu Oct 29 00:40:41 EET 2015 Making step forward!
Thu Oct 29 00:40:41 EET 2015 Making step forward!
Thu Oct 29 00:40:41 EET 2015 Making step forward!
Thu Oct 29 00:40:41 EET 2015 Making step forward!
Thu Oct 29 00:40:41 EET 2015 Making step forward!
Thu Oct 29 00:40:41 EET 2015 Program 'rrfffff' is done

Thu Oct 29 00:40:41 EET 2015 Starting program...
Thu Oct 29 00:40:41 EET 2015 Program 'rrf' is in progress
Thu Oct 29 00:40:41 EET 2015 Turning right!
Thu Oct 29 00:40:42 EET 2015 Turning right!
Thu Oct 29 00:40:42 EET 2015 Making step forward!
Thu Oct 29 00:40:42 EET 2015 Program 'rrf' is done

Thu Oct 29 00:40:42 EET 2015 Starting program...
Thu Oct 29 00:40:42 EET 2015 Program ' ' is in progress
Thu Oct 29 00:40:42 EET 2015 Program ' ' is done

Thu Oct 29 00:50:21 EET 2015 Starting program...
Thu Oct 29 00:50:21 EET 2015 Program 'r' is in progress
Thu Oct 29 00:50:21 EET 2015 Turning right!
Thu Oct 29 00:50:21 EET 2015 Program 'r' is done

Thu Oct 29 00:50:21 EET 2015 Starting program...
Thu Oct 29 00:50:21 EET 2015 Program 'l' is in progress
Thu Oct 29 00:50:21 EET 2015 Turning left!
Thu Oct 29 00:50:21 EET 2015 Program 'l' is done

Thu Oct 29 00:50:21 EET 2015 Starting program...
Thu Oct 29 00:50:21 EET 2015 Program 'lf' is in progress
Thu Oct 29 00:50:21 EET 2015 Turning left!
Thu Oct 29 00:50:21 EET 2015 Making step forward!
Thu Oct 29 00:50:21 EET 2015 Program 'lf' is done

Thu Oct 29 00:50:21 EET 2015 Starting program...
Thu Oct 29 00:50:21 EET 2015 Program 'rf' is in progress
Thu Oct 29 00:50:21 EET 2015 Turning right!
Thu Oct 29 00:50:21 EET 2015 Making step forward!
Thu Oct 29 00:50:21 EET 2015 Program 'rf' is done

Thu Oct 29 00:50:21 EET 2015 Starting program...
Thu Oct 29 00:50:21 EET 2015 Program 'rrfffff' is in progress
Thu Oct 29 00:50:21 EET 2015 Turning right!
Thu Oct 29 00:50:21 EET 2015 Turning right!
Thu Oct 29 00:50:21 EET 2015 Making step forward!
Thu Oct 29 00:50:21 EET 2015 Making step forward!
Thu Oct 29 00:50:21 EET 2015 Making step forward!
Thu Oct 29 00:50:21 EET 2015 Making step forward!
Thu Oct 29 00:50:21 EET 2015 Making step forward!
Thu Oct 29 00:50:21 EET 2015 Program 'rrfffff' is done

Thu Oct 29 00:50:21 EET 2015 Starting program...
Thu Oct 29 00:50:21 EET 2015 Program 'r' is in progress
Thu Oct 29 00:50:21 EET 2015 Turning right!
Thu Oct 29 00:50:21 EET 2015 Program 'r' is done

Thu Oct 29 00:50:21 EET 2015 Starting program...
Thu Oct 29 00:50:21 EET 2015 Program 'l' is in progress
Thu Oct 29 00:50:21 EET 2015 Turning left!
Thu Oct 29 00:50:21 EET 2015 Program 'l' is done

Thu Oct 29 00:50:21 EET 2015 Starting program...
Thu Oct 29 00:50:21 EET 2015 Program 'f' is in progress
Thu Oct 29 00:50:21 EET 2015 Making step forward!
Thu Oct 29 00:50:21 EET 2015 Program 'f' is done

Thu Oct 29 00:50:21 EET 2015 Starting program...
Thu Oct 29 00:50:21 EET 2015 Program 'fr' is in progress
Thu Oct 29 00:50:21 EET 2015 Making step forward!
Thu Oct 29 00:50:21 EET 2015 Turning right!
Thu Oct 29 00:50:21 EET 2015 Program 'fr' is done

Thu Oct 29 00:50:21 EET 2015 Starting program...
Thu Oct 29 00:50:21 EET 2015 Program 'rrfffff' is in progress
Thu Oct 29 00:50:21 EET 2015 Turning right!
Thu Oct 29 00:50:21 EET 2015 Turning right!
Thu Oct 29 00:50:21 EET 2015 Making step forward!
Thu Oct 29 00:50:21 EET 2015 Making step forward!
Thu Oct 29 00:50:21 EET 2015 Making step forward!
Thu Oct 29 00:50:21 EET 2015 Making step forward!
Thu Oct 29 00:50:21 EET 2015 Making step forward!
Thu Oct 29 00:50:21 EET 2015 Program 'rrfffff' is done

Thu Oct 29 00:50:21 EET 2015 Starting program...
Thu Oct 29 00:50:21 EET 2015 Program 'rrf' is in progress
Thu Oct 29 00:50:21 EET 2015 Turning right!
Thu Oct 29 00:50:21 EET 2015 Turning right!
Thu Oct 29 00:50:21 EET 2015 Making step forward!
Thu Oct 29 00:50:21 EET 2015 Program 'rrf' is done

Thu Oct 29 00:50:21 EET 2015 Starting program...
Thu Oct 29 00:50:21 EET 2015 Program ' ' is in progress
Thu Oct 29 00:50:21 EET 2015 Program ' ' is done

Thu Oct 29 01:04:16 EET 2015 Starting program...
Thu Oct 29 01:04:17 EET 2015 Program 'r' is in progress
Thu Oct 29 01:04:17 EET 2015 Turning right!
Thu Oct 29 01:04:17 EET 2015 Program 'r' is done

Thu Oct 29 01:04:17 EET 2015 Starting program...
Thu Oct 29 01:04:17 EET 2015 Program 'l' is in progress
Thu Oct 29 01:04:17 EET 2015 Turning left!
Thu Oct 29 01:04:17 EET 2015 Program 'l' is done

Thu Oct 29 01:04:17 EET 2015 Starting program...
Thu Oct 29 01:04:17 EET 2015 Program 'lf' is in progress
Thu Oct 29 01:04:17 EET 2015 Turning left!
Thu Oct 29 01:04:17 EET 2015 Making step forward!
Thu Oct 29 01:04:17 EET 2015 Program 'lf' is done

Thu Oct 29 01:04:17 EET 2015 Starting program...
Thu Oct 29 01:04:17 EET 2015 Program 'rf' is in progress
Thu Oct 29 01:04:17 EET 2015 Turning right!
Thu Oct 29 01:04:17 EET 2015 Making step forward!
Thu Oct 29 01:04:17 EET 2015 Program 'rf' is done

Thu Oct 29 01:04:17 EET 2015 Starting program...
Thu Oct 29 01:04:17 EET 2015 Program 'rrfffff' is in progress
Thu Oct 29 01:04:17 EET 2015 Turning right!
Thu Oct 29 01:04:17 EET 2015 Turning right!
Thu Oct 29 01:04:17 EET 2015 Making step forward!
Thu Oct 29 01:04:17 EET 2015 Making step forward!
Thu Oct 29 01:04:17 EET 2015 Making step forward!
Thu Oct 29 01:04:17 EET 2015 Making step forward!
Thu Oct 29 01:04:17 EET 2015 Making step forward!
Thu Oct 29 01:04:17 EET 2015 Program 'rrfffff' is done

Thu Oct 29 01:04:17 EET 2015 Starting program...
Thu Oct 29 01:04:17 EET 2015 Program 'r' is in progress
Thu Oct 29 01:04:17 EET 2015 Turning right!
Thu Oct 29 01:04:17 EET 2015 Program 'r' is done

Thu Oct 29 01:04:17 EET 2015 Starting program...
Thu Oct 29 01:04:17 EET 2015 Program 'l' is in progress
Thu Oct 29 01:04:17 EET 2015 Turning left!
Thu Oct 29 01:04:17 EET 2015 Program 'l' is done

Thu Oct 29 01:04:17 EET 2015 Starting program...
Thu Oct 29 01:04:17 EET 2015 Program 'f' is in progress
Thu Oct 29 01:04:17 EET 2015 Making step forward!
Thu Oct 29 01:04:17 EET 2015 Program 'f' is done

Thu Oct 29 01:04:17 EET 2015 Starting program...
Thu Oct 29 01:04:17 EET 2015 Program 'fr' is in progress
Thu Oct 29 01:04:17 EET 2015 Making step forward!
Thu Oct 29 01:04:17 EET 2015 Turning right!
Thu Oct 29 01:04:17 EET 2015 Program 'fr' is done

Thu Oct 29 01:04:17 EET 2015 Starting program...
Thu Oct 29 01:04:17 EET 2015 Program 'rrfffff' is in progress
Thu Oct 29 01:04:17 EET 2015 Turning right!
Thu Oct 29 01:04:17 EET 2015 Turning right!
Thu Oct 29 01:04:17 EET 2015 Making step forward!
Thu Oct 29 01:04:17 EET 2015 Making step forward!
Thu Oct 29 01:04:17 EET 2015 Making step forward!
Thu Oct 29 01:04:17 EET 2015 Making step forward!
Thu Oct 29 01:04:17 EET 2015 Making step forward!
Thu Oct 29 01:04:17 EET 2015 Program 'rrfffff' is done

Thu Oct 29 01:04:17 EET 2015 Starting program...
Thu Oct 29 01:04:17 EET 2015 Program 'rrf' is in progress
Thu Oct 29 01:04:17 EET 2015 Turning right!
Thu Oct 29 01:04:17 EET 2015 Turning right!
Thu Oct 29 01:04:17 EET 2015 Making step forward!
Thu Oct 29 01:04:17 EET 2015 Program 'rrf' is done

Thu Oct 29 01:04:17 EET 2015 Starting program...
Thu Oct 29 01:04:17 EET 2015 Program ' ' is in progress
Thu Oct 29 01:04:17 EET 2015 Program ' ' is done

Thu Oct 29 01:04:46 EET 2015 Starting program...
Thu Oct 29 01:04:46 EET 2015 Program 'r' is in progress
Thu Oct 29 01:04:46 EET 2015 Turning right!
Thu Oct 29 01:04:46 EET 2015 Program 'r' is done

Thu Oct 29 01:04:46 EET 2015 Starting program...
Thu Oct 29 01:04:46 EET 2015 Program 'l' is in progress
Thu Oct 29 01:04:46 EET 2015 Turning left!
Thu Oct 29 01:04:46 EET 2015 Program 'l' is done

Thu Oct 29 01:04:46 EET 2015 Starting program...
Thu Oct 29 01:04:46 EET 2015 Program 'lf' is in progress
Thu Oct 29 01:04:46 EET 2015 Turning left!
Thu Oct 29 01:04:46 EET 2015 Making step forward!
Thu Oct 29 01:04:46 EET 2015 Program 'lf' is done

Thu Oct 29 01:04:46 EET 2015 Starting program...
Thu Oct 29 01:04:46 EET 2015 Program 'rf' is in progress
Thu Oct 29 01:04:46 EET 2015 Turning right!
Thu Oct 29 01:04:46 EET 2015 Making step forward!
Thu Oct 29 01:04:46 EET 2015 Program 'rf' is done

Thu Oct 29 01:04:46 EET 2015 Starting program...
Thu Oct 29 01:04:46 EET 2015 Program 'rrfffff' is in progress
Thu Oct 29 01:04:46 EET 2015 Turning right!
Thu Oct 29 01:04:46 EET 2015 Turning right!
Thu Oct 29 01:04:46 EET 2015 Making step forward!
Thu Oct 29 01:04:46 EET 2015 Making step forward!
Thu Oct 29 01:04:46 EET 2015 Making step forward!
Thu Oct 29 01:04:46 EET 2015 Making step forward!
Thu Oct 29 01:04:46 EET 2015 Making step forward!
Thu Oct 29 01:04:46 EET 2015 Program 'rrfffff' is done

Thu Oct 29 01:04:46 EET 2015 Starting program...
Thu Oct 29 01:04:46 EET 2015 Program 'r' is in progress
Thu Oct 29 01:04:46 EET 2015 Turning right!
Thu Oct 29 01:04:46 EET 2015 Program 'r' is done

Thu Oct 29 01:04:46 EET 2015 Starting program...
Thu Oct 29 01:04:46 EET 2015 Program 'l' is in progress
Thu Oct 29 01:04:46 EET 2015 Turning left!
Thu Oct 29 01:04:46 EET 2015 Program 'l' is done

Thu Oct 29 01:04:46 EET 2015 Starting program...
Thu Oct 29 01:04:46 EET 2015 Program 'f' is in progress
Thu Oct 29 01:04:47 EET 2015 Making step forward!
Thu Oct 29 01:04:47 EET 2015 Program 'f' is done

Thu Oct 29 01:04:47 EET 2015 Starting program...
Thu Oct 29 01:04:47 EET 2015 Program 'fr' is in progress
Thu Oct 29 01:04:47 EET 2015 Making step forward!
Thu Oct 29 01:04:47 EET 2015 Turning right!
Thu Oct 29 01:04:47 EET 2015 Program 'fr' is done

Thu Oct 29 01:04:47 EET 2015 Starting program...
Thu Oct 29 01:04:47 EET 2015 Program 'rrfffff' is in progress
Thu Oct 29 01:04:47 EET 2015 Turning right!
Thu Oct 29 01:04:47 EET 2015 Turning right!
Thu Oct 29 01:04:47 EET 2015 Making step forward!
Thu Oct 29 01:04:47 EET 2015 Making step forward!
Thu Oct 29 01:04:47 EET 2015 Making step forward!
Thu Oct 29 01:04:47 EET 2015 Making step forward!
Thu Oct 29 01:04:47 EET 2015 Making step forward!
Thu Oct 29 01:04:47 EET 2015 Program 'rrfffff' is done

Thu Oct 29 01:04:47 EET 2015 Starting program...
Thu Oct 29 01:04:47 EET 2015 Program 'rrf' is in progress
Thu Oct 29 01:04:47 EET 2015 Turning right!
Thu Oct 29 01:04:47 EET 2015 Turning right!
Thu Oct 29 01:04:47 EET 2015 Making step forward!
Thu Oct 29 01:04:47 EET 2015 Program 'rrf' is done

Thu Oct 29 01:04:47 EET 2015 Starting program...
Thu Oct 29 01:04:47 EET 2015 Program ' ' is in progress
Thu Oct 29 01:04:47 EET 2015 Program ' ' is done

Thu Oct 29 01:18:43 EET 2015 Starting program...
Thu Oct 29 01:18:43 EET 2015 Program 'r' is in progress
Thu Oct 29 01:18:43 EET 2015 Turning right!
Thu Oct 29 01:18:43 EET 2015 Program 'r' is done

Thu Oct 29 01:18:43 EET 2015 Starting program...
Thu Oct 29 01:18:43 EET 2015 Program 'l' is in progress
Thu Oct 29 01:18:43 EET 2015 Turning left!
Thu Oct 29 01:18:43 EET 2015 Program 'l' is done

Thu Oct 29 01:18:43 EET 2015 Starting program...
Thu Oct 29 01:18:43 EET 2015 Program 'lf' is in progress
Thu Oct 29 01:18:43 EET 2015 Turning left!
Thu Oct 29 01:18:43 EET 2015 Making step forward!
Thu Oct 29 01:18:43 EET 2015 Program 'lf' is done

Thu Oct 29 01:18:43 EET 2015 Starting program...
Thu Oct 29 01:18:43 EET 2015 Program 'rf' is in progress
Thu Oct 29 01:18:43 EET 2015 Turning right!
Thu Oct 29 01:18:43 EET 2015 Making step forward!
Thu Oct 29 01:18:43 EET 2015 Program 'rf' is done

Thu Oct 29 01:18:43 EET 2015 Starting program...
Thu Oct 29 01:18:43 EET 2015 Program 'rrfffff' is in progress
Thu Oct 29 01:18:43 EET 2015 Turning right!
Thu Oct 29 01:18:43 EET 2015 Turning right!
Thu Oct 29 01:18:43 EET 2015 Making step forward!
Thu Oct 29 01:18:43 EET 2015 Making step forward!
Thu Oct 29 01:18:43 EET 2015 Making step forward!
Thu Oct 29 01:18:43 EET 2015 Making step forward!
Thu Oct 29 01:18:43 EET 2015 Making step forward!
Thu Oct 29 01:18:43 EET 2015 Program 'rrfffff' is done

Thu Oct 29 01:18:43 EET 2015 Starting program...
Thu Oct 29 01:18:43 EET 2015 Program 'r' is in progress
Thu Oct 29 01:18:43 EET 2015 Turning right!
Thu Oct 29 01:18:43 EET 2015 Program 'r' is done

Thu Oct 29 01:18:43 EET 2015 Starting program...
Thu Oct 29 01:18:43 EET 2015 Program 'l' is in progress
Thu Oct 29 01:18:43 EET 2015 Turning left!
Thu Oct 29 01:18:43 EET 2015 Program 'l' is done

Thu Oct 29 01:18:43 EET 2015 Starting program...
Thu Oct 29 01:18:43 EET 2015 Program 'f' is in progress
Thu Oct 29 01:18:43 EET 2015 Making step forward!
Thu Oct 29 01:18:43 EET 2015 Program 'f' is done

Thu Oct 29 01:18:43 EET 2015 Starting program...
Thu Oct 29 01:18:43 EET 2015 Program 'fr' is in progress
Thu Oct 29 01:18:43 EET 2015 Making step forward!
Thu Oct 29 01:18:43 EET 2015 Turning right!
Thu Oct 29 01:18:43 EET 2015 Program 'fr' is done

Thu Oct 29 01:18:43 EET 2015 Starting program...
Thu Oct 29 01:18:43 EET 2015 Program 'rrfffff' is in progress
Thu Oct 29 01:18:43 EET 2015 Turning right!
Thu Oct 29 01:18:43 EET 2015 Turning right!
Thu Oct 29 01:18:43 EET 2015 Making step forward!
Thu Oct 29 01:18:43 EET 2015 Making step forward!
Thu Oct 29 01:18:43 EET 2015 Making step forward!
Thu Oct 29 01:18:43 EET 2015 Making step forward!
Thu Oct 29 01:18:43 EET 2015 Making step forward!
Thu Oct 29 01:18:43 EET 2015 Program 'rrfffff' is done

Thu Oct 29 01:18:43 EET 2015 Starting program...
Thu Oct 29 01:18:43 EET 2015 Program 'rrf' is in progress
Thu Oct 29 01:18:43 EET 2015 Turning right!
Thu Oct 29 01:18:43 EET 2015 Turning right!
Thu Oct 29 01:18:43 EET 2015 Making step forward!
Thu Oct 29 01:18:43 EET 2015 Program 'rrf' is done

Thu Oct 29 01:18:43 EET 2015 Starting program...
Thu Oct 29 01:18:43 EET 2015 Program ' ' is in progress
Thu Oct 29 01:18:43 EET 2015 Program ' ' is done

Thu Oct 29 01:20:30 EET 2015 Starting program...
Thu Oct 29 01:20:30 EET 2015 Program 'r' is in progress
Thu Oct 29 01:20:30 EET 2015 Turning right!
Thu Oct 29 01:20:30 EET 2015 Program 'r' is done

Thu Oct 29 01:20:30 EET 2015 Starting program...
Thu Oct 29 01:20:30 EET 2015 Program 'l' is in progress
Thu Oct 29 01:20:30 EET 2015 Turning left!
Thu Oct 29 01:20:30 EET 2015 Program 'l' is done

Thu Oct 29 01:20:30 EET 2015 Starting program...
Thu Oct 29 01:20:30 EET 2015 Program 'lf' is in progress
Thu Oct 29 01:20:30 EET 2015 Turning left!
Thu Oct 29 01:20:30 EET 2015 Making step forward!
Thu Oct 29 01:20:30 EET 2015 Program 'lf' is done

Thu Oct 29 01:20:30 EET 2015 Starting program...
Thu Oct 29 01:20:30 EET 2015 Program 'rf' is in progress
Thu Oct 29 01:20:30 EET 2015 Turning right!
Thu Oct 29 01:20:30 EET 2015 Making step forward!
Thu Oct 29 01:20:30 EET 2015 Program 'rf' is done

Thu Oct 29 01:20:30 EET 2015 Starting program...
Thu Oct 29 01:20:30 EET 2015 Program 'rrfffff' is in progress
Thu Oct 29 01:20:30 EET 2015 Turning right!
Thu Oct 29 01:20:30 EET 2015 Turning right!
Thu Oct 29 01:20:30 EET 2015 Making step forward!
Thu Oct 29 01:20:30 EET 2015 Making step forward!
Thu Oct 29 01:20:30 EET 2015 Making step forward!
Thu Oct 29 01:20:30 EET 2015 Making step forward!
Thu Oct 29 01:20:30 EET 2015 Making step forward!
Thu Oct 29 01:20:30 EET 2015 Program 'rrfffff' is done

Thu Oct 29 01:20:30 EET 2015 Starting program...
Thu Oct 29 01:20:30 EET 2015 Program 'r' is in progress
Thu Oct 29 01:20:30 EET 2015 Turning right!
Thu Oct 29 01:20:30 EET 2015 Program 'r' is done

Thu Oct 29 01:20:30 EET 2015 Starting program...
Thu Oct 29 01:20:30 EET 2015 Program 'l' is in progress
Thu Oct 29 01:20:30 EET 2015 Turning left!
Thu Oct 29 01:20:30 EET 2015 Program 'l' is done

Thu Oct 29 01:20:30 EET 2015 Starting program...
Thu Oct 29 01:20:30 EET 2015 Program 'f' is in progress
Thu Oct 29 01:20:30 EET 2015 Making step forward!
Thu Oct 29 01:20:30 EET 2015 Program 'f' is done

Thu Oct 29 01:20:30 EET 2015 Starting program...
Thu Oct 29 01:20:30 EET 2015 Program 'fr' is in progress
Thu Oct 29 01:20:30 EET 2015 Making step forward!
Thu Oct 29 01:20:30 EET 2015 Turning right!
Thu Oct 29 01:20:30 EET 2015 Program 'fr' is done

Thu Oct 29 01:20:30 EET 2015 Starting program...
Thu Oct 29 01:20:30 EET 2015 Program 'rrfffff' is in progress
Thu Oct 29 01:20:30 EET 2015 Turning right!
Thu Oct 29 01:20:30 EET 2015 Turning right!
Thu Oct 29 01:20:30 EET 2015 Making step forward!
Thu Oct 29 01:20:30 EET 2015 Making step forward!
Thu Oct 29 01:20:30 EET 2015 Making step forward!
Thu Oct 29 01:20:30 EET 2015 Making step forward!
Thu Oct 29 01:20:30 EET 2015 Making step forward!
Thu Oct 29 01:20:30 EET 2015 Program 'rrfffff' is done

Thu Oct 29 01:20:30 EET 2015 Starting program...
Thu Oct 29 01:20:30 EET 2015 Program 'rrf' is in progress
Thu Oct 29 01:20:30 EET 2015 Turning right!
Thu Oct 29 01:20:30 EET 2015 Turning right!
Thu Oct 29 01:20:30 EET 2015 Making step forward!
Thu Oct 29 01:20:30 EET 2015 Program 'rrf' is done

Thu Oct 29 01:20:30 EET 2015 Starting program...
Thu Oct 29 01:20:30 EET 2015 Program ' ' is in progress
Thu Oct 29 01:20:30 EET 2015 Program ' ' is done

Thu Oct 29 01:27:11 EET 2015 Starting program...
Thu Oct 29 01:27:11 EET 2015 Program 'r' is in progress
Thu Oct 29 01:27:11 EET 2015 Turning right!
Thu Oct 29 01:27:11 EET 2015 Program 'r' is done

Thu Oct 29 01:27:11 EET 2015 Starting program...
Thu Oct 29 01:27:11 EET 2015 Program 'l' is in progress
Thu Oct 29 01:27:11 EET 2015 Turning left!
Thu Oct 29 01:27:11 EET 2015 Program 'l' is done

Thu Oct 29 01:27:11 EET 2015 Starting program...
Thu Oct 29 01:27:11 EET 2015 Program 'lf' is in progress
Thu Oct 29 01:27:11 EET 2015 Turning left!
Thu Oct 29 01:27:11 EET 2015 Making step forward!
Thu Oct 29 01:27:11 EET 2015 Program 'lf' is done

Thu Oct 29 01:27:11 EET 2015 Starting program...
Thu Oct 29 01:27:11 EET 2015 Program 'rf' is in progress
Thu Oct 29 01:27:11 EET 2015 Turning right!
Thu Oct 29 01:27:11 EET 2015 Making step forward!
Thu Oct 29 01:27:11 EET 2015 Program 'rf' is done

Thu Oct 29 01:27:11 EET 2015 Starting program...
Thu Oct 29 01:27:11 EET 2015 Program 'rrfffff' is in progress
Thu Oct 29 01:27:11 EET 2015 Turning right!
Thu Oct 29 01:27:11 EET 2015 Turning right!
Thu Oct 29 01:27:11 EET 2015 Making step forward!
Thu Oct 29 01:27:11 EET 2015 Making step forward!
Thu Oct 29 01:27:11 EET 2015 Making step forward!
Thu Oct 29 01:27:11 EET 2015 Making step forward!
Thu Oct 29 01:27:11 EET 2015 Making step forward!
Thu Oct 29 01:27:11 EET 2015 Program 'rrfffff' is done

Thu Oct 29 01:27:11 EET 2015 Starting program...
Thu Oct 29 01:27:11 EET 2015 Program 'r' is in progress
Thu Oct 29 01:27:11 EET 2015 Turning right!
Thu Oct 29 01:27:11 EET 2015 Program 'r' is done

Thu Oct 29 01:27:11 EET 2015 Starting program...
Thu Oct 29 01:27:11 EET 2015 Program 'l' is in progress
Thu Oct 29 01:27:11 EET 2015 Turning left!
Thu Oct 29 01:27:11 EET 2015 Program 'l' is done

Thu Oct 29 01:27:11 EET 2015 Starting program...
Thu Oct 29 01:27:11 EET 2015 Program 'f' is in progress
Thu Oct 29 01:27:11 EET 2015 Making step forward!
Thu Oct 29 01:27:11 EET 2015 Program 'f' is done

Thu Oct 29 01:27:11 EET 2015 Starting program...
Thu Oct 29 01:27:11 EET 2015 Program 'fr' is in progress
Thu Oct 29 01:27:11 EET 2015 Making step forward!
Thu Oct 29 01:27:11 EET 2015 Turning right!
Thu Oct 29 01:27:11 EET 2015 Program 'fr' is done

Thu Oct 29 01:27:11 EET 2015 Starting program...
Thu Oct 29 01:27:11 EET 2015 Program 'rrfffff' is in progress
Thu Oct 29 01:27:11 EET 2015 Turning right!
Thu Oct 29 01:27:11 EET 2015 Turning right!
Thu Oct 29 01:27:11 EET 2015 Making step forward!
Thu Oct 29 01:27:11 EET 2015 Making step forward!
Thu Oct 29 01:27:11 EET 2015 Making step forward!
Thu Oct 29 01:27:11 EET 2015 Making step forward!
Thu Oct 29 01:27:11 EET 2015 Making step forward!
Thu Oct 29 01:27:11 EET 2015 Program 'rrfffff' is done

Thu Oct 29 01:27:11 EET 2015 Starting program...
Thu Oct 29 01:27:11 EET 2015 Program 'rrf' is in progress
Thu Oct 29 01:27:11 EET 2015 Turning right!
Thu Oct 29 01:27:11 EET 2015 Turning right!
Thu Oct 29 01:27:11 EET 2015 Making step forward!
Thu Oct 29 01:27:11 EET 2015 Program 'rrf' is done

Thu Oct 29 01:27:11 EET 2015 Starting program...
Thu Oct 29 01:27:11 EET 2015 Program ' ' is in progress
Thu Oct 29 01:27:11 EET 2015 Program ' ' is done

Thu Oct 29 11:51:54 EET 2015 Starting program...
Thu Oct 29 11:51:54 EET 2015 Program 'r' is in progress
Thu Oct 29 11:51:54 EET 2015 Turning right!
Thu Oct 29 11:51:54 EET 2015 Program 'r' is done

Thu Oct 29 11:51:54 EET 2015 Starting program...
Thu Oct 29 11:51:54 EET 2015 Program 'l' is in progress
Thu Oct 29 11:51:54 EET 2015 Turning left!
Thu Oct 29 11:51:54 EET 2015 Program 'l' is done

Thu Oct 29 11:51:54 EET 2015 Starting program...
Thu Oct 29 11:51:54 EET 2015 Program 'lf' is in progress
Thu Oct 29 11:51:54 EET 2015 Turning left!
Thu Oct 29 11:51:54 EET 2015 Making step forward!
Thu Oct 29 11:51:54 EET 2015 Program 'lf' is done

Thu Oct 29 11:51:54 EET 2015 Starting program...
Thu Oct 29 11:51:54 EET 2015 Program 'rf' is in progress
Thu Oct 29 11:51:54 EET 2015 Turning right!
Thu Oct 29 11:51:54 EET 2015 Making step forward!
Thu Oct 29 11:51:54 EET 2015 Program 'rf' is done

Thu Oct 29 11:51:54 EET 2015 Starting program...
Thu Oct 29 11:51:54 EET 2015 Program 'rrfffff' is in progress
Thu Oct 29 11:51:54 EET 2015 Turning right!
Thu Oct 29 11:51:54 EET 2015 Turning right!
Thu Oct 29 11:51:54 EET 2015 Making step forward!
Thu Oct 29 11:51:54 EET 2015 Making step forward!
Thu Oct 29 11:51:54 EET 2015 Making step forward!
Thu Oct 29 11:51:54 EET 2015 Making step forward!
Thu Oct 29 11:51:54 EET 2015 Making step forward!
Thu Oct 29 11:51:54 EET 2015 Program 'rrfffff' is done

Thu Oct 29 11:51:55 EET 2015 Starting program...
Thu Oct 29 11:51:55 EET 2015 Program 'r' is in progress
Thu Oct 29 11:51:55 EET 2015 Turning right!
Thu Oct 29 11:51:55 EET 2015 Program 'r' is done

Thu Oct 29 11:51:55 EET 2015 Starting program...
Thu Oct 29 11:51:55 EET 2015 Program 'l' is in progress
Thu Oct 29 11:51:55 EET 2015 Turning left!
Thu Oct 29 11:51:55 EET 2015 Program 'l' is done

Thu Oct 29 11:51:55 EET 2015 Starting program...
Thu Oct 29 11:51:55 EET 2015 Program 'f' is in progress
Thu Oct 29 11:51:55 EET 2015 Making step forward!
Thu Oct 29 11:51:55 EET 2015 Program 'f' is done

Thu Oct 29 11:51:55 EET 2015 Starting program...
Thu Oct 29 11:51:55 EET 2015 Program 'fr' is in progress
Thu Oct 29 11:51:55 EET 2015 Making step forward!
Thu Oct 29 11:51:55 EET 2015 Turning right!
Thu Oct 29 11:51:55 EET 2015 Program 'fr' is done

Thu Oct 29 11:51:55 EET 2015 Starting program...
Thu Oct 29 11:51:55 EET 2015 Program 'rrfffff' is in progress
Thu Oct 29 11:51:55 EET 2015 Turning right!
Thu Oct 29 11:51:55 EET 2015 Turning right!
Thu Oct 29 11:51:55 EET 2015 Making step forward!
Thu Oct 29 11:51:55 EET 2015 Making step forward!
Thu Oct 29 11:51:55 EET 2015 Making step forward!
Thu Oct 29 11:51:55 EET 2015 Making step forward!
Thu Oct 29 11:51:55 EET 2015 Making step forward!
Thu Oct 29 11:51:55 EET 2015 Program 'rrfffff' is done

Thu Oct 29 11:51:55 EET 2015 Starting program...
Thu Oct 29 11:51:55 EET 2015 Program 'rrf' is in progress
Thu Oct 29 11:51:55 EET 2015 Turning right!
Thu Oct 29 11:51:55 EET 2015 Turning right!
Thu Oct 29 11:51:55 EET 2015 Making step forward!
Thu Oct 29 11:51:55 EET 2015 Program 'rrf' is done

Thu Oct 29 11:51:55 EET 2015 Starting program...
Thu Oct 29 11:51:55 EET 2015 Program ' ' is in progress
Thu Oct 29 11:51:55 EET 2015 Program ' ' is done

Thu Oct 29 11:52:07 EET 2015 Starting program...
Thu Oct 29 11:52:07 EET 2015 Program 'r' is in progress
Thu Oct 29 11:52:07 EET 2015 Turning right!
Thu Oct 29 11:52:07 EET 2015 Program 'r' is done

Thu Oct 29 11:52:07 EET 2015 Starting program...
Thu Oct 29 11:52:07 EET 2015 Program 'l' is in progress
Thu Oct 29 11:52:07 EET 2015 Turning left!
Thu Oct 29 11:52:07 EET 2015 Program 'l' is done

Thu Oct 29 11:52:07 EET 2015 Starting program...
Thu Oct 29 11:52:07 EET 2015 Program 'lf' is in progress
Thu Oct 29 11:52:07 EET 2015 Turning left!
Thu Oct 29 11:52:07 EET 2015 Making step forward!
Thu Oct 29 11:52:07 EET 2015 Program 'lf' is done

Thu Oct 29 11:52:07 EET 2015 Starting program...
Thu Oct 29 11:52:07 EET 2015 Program 'rf' is in progress
Thu Oct 29 11:52:07 EET 2015 Turning right!
Thu Oct 29 11:52:07 EET 2015 Making step forward!
Thu Oct 29 11:52:07 EET 2015 Program 'rf' is done

Thu Oct 29 11:52:07 EET 2015 Starting program...
Thu Oct 29 11:52:07 EET 2015 Program 'rrfffff' is in progress
Thu Oct 29 11:52:07 EET 2015 Turning right!
Thu Oct 29 11:52:07 EET 2015 Turning right!
Thu Oct 29 11:52:07 EET 2015 Making step forward!
Thu Oct 29 11:52:07 EET 2015 Making step forward!
Thu Oct 29 11:52:07 EET 2015 Making step forward!
Thu Oct 29 11:52:07 EET 2015 Making step forward!
Thu Oct 29 11:52:07 EET 2015 Making step forward!
Thu Oct 29 11:52:07 EET 2015 Program 'rrfffff' is done

Thu Oct 29 11:52:07 EET 2015 Starting program...
Thu Oct 29 11:52:07 EET 2015 Program 'r' is in progress
Thu Oct 29 11:52:07 EET 2015 Turning right!
Thu Oct 29 11:52:07 EET 2015 Program 'r' is done

Thu Oct 29 11:52:07 EET 2015 Starting program...
Thu Oct 29 11:52:07 EET 2015 Program 'l' is in progress
Thu Oct 29 11:52:07 EET 2015 Turning left!
Thu Oct 29 11:52:07 EET 2015 Program 'l' is done

Thu Oct 29 11:52:07 EET 2015 Starting program...
Thu Oct 29 11:52:07 EET 2015 Program 'f' is in progress
Thu Oct 29 11:52:07 EET 2015 Making step forward!
Thu Oct 29 11:52:07 EET 2015 Program 'f' is done

Thu Oct 29 11:52:07 EET 2015 Starting program...
Thu Oct 29 11:52:07 EET 2015 Program 'fr' is in progress
Thu Oct 29 11:52:07 EET 2015 Making step forward!
Thu Oct 29 11:52:07 EET 2015 Turning right!
Thu Oct 29 11:52:07 EET 2015 Program 'fr' is done

Thu Oct 29 11:52:07 EET 2015 Starting program...
Thu Oct 29 11:52:07 EET 2015 Program 'rrfffff' is in progress
Thu Oct 29 11:52:07 EET 2015 Turning right!
Thu Oct 29 11:52:07 EET 2015 Turning right!
Thu Oct 29 11:52:07 EET 2015 Making step forward!
Thu Oct 29 11:52:07 EET 2015 Making step forward!
Thu Oct 29 11:52:07 EET 2015 Making step forward!
Thu Oct 29 11:52:07 EET 2015 Making step forward!
Thu Oct 29 11:52:07 EET 2015 Making step forward!
Thu Oct 29 11:52:07 EET 2015 Program 'rrfffff' is done

Thu Oct 29 11:52:07 EET 2015 Starting program...
Thu Oct 29 11:52:07 EET 2015 Program 'rrf' is in progress
Thu Oct 29 11:52:07 EET 2015 Turning right!
Thu Oct 29 11:52:07 EET 2015 Turning right!
Thu Oct 29 11:52:07 EET 2015 Making step forward!
Thu Oct 29 11:52:07 EET 2015 Program 'rrf' is done

Thu Oct 29 11:52:07 EET 2015 Starting program...
Thu Oct 29 11:52:07 EET 2015 Program ' ' is in progress
Thu Oct 29 11:52:07 EET 2015 Program ' ' is done

Thu Oct 29 12:22:30 EET 2015 Starting program...
Thu Oct 29 12:22:30 EET 2015 Program 'r' is in progress
Thu Oct 29 12:22:30 EET 2015 Turning right!
Thu Oct 29 12:22:30 EET 2015 Program 'r' is done

Thu Oct 29 12:22:30 EET 2015 Starting program...
Thu Oct 29 12:22:30 EET 2015 Program 'l' is in progress
Thu Oct 29 12:22:30 EET 2015 Turning left!
Thu Oct 29 12:22:30 EET 2015 Program 'l' is done

Thu Oct 29 12:22:30 EET 2015 Starting program...
Thu Oct 29 12:22:30 EET 2015 Program 'lf' is in progress
Thu Oct 29 12:22:30 EET 2015 Turning left!
Thu Oct 29 12:22:30 EET 2015 Making step forward!
Thu Oct 29 12:22:30 EET 2015 Program 'lf' is done

Thu Oct 29 12:22:30 EET 2015 Starting program...
Thu Oct 29 12:22:30 EET 2015 Program 'rf' is in progress
Thu Oct 29 12:22:30 EET 2015 Turning right!
Thu Oct 29 12:22:30 EET 2015 Making step forward!
Thu Oct 29 12:22:30 EET 2015 Program 'rf' is done

Thu Oct 29 12:22:30 EET 2015 Starting program...
Thu Oct 29 12:22:30 EET 2015 Program 'rrfffff' is in progress
Thu Oct 29 12:22:30 EET 2015 Turning right!
Thu Oct 29 12:22:30 EET 2015 Turning right!
Thu Oct 29 12:22:30 EET 2015 Making step forward!
Thu Oct 29 12:22:30 EET 2015 Making step forward!
Thu Oct 29 12:22:30 EET 2015 Making step forward!
Thu Oct 29 12:22:30 EET 2015 Making step forward!
Thu Oct 29 12:22:30 EET 2015 Making step forward!
Thu Oct 29 12:22:30 EET 2015 Program 'rrfffff' is done

Thu Oct 29 12:22:30 EET 2015 Starting program...
Thu Oct 29 12:22:30 EET 2015 Program 'r' is in progress
Thu Oct 29 12:22:30 EET 2015 Turning right!
Thu Oct 29 12:22:30 EET 2015 Program 'r' is done

Thu Oct 29 12:22:30 EET 2015 Starting program...
Thu Oct 29 12:22:30 EET 2015 Program 'l' is in progress
Thu Oct 29 12:22:30 EET 2015 Turning left!
Thu Oct 29 12:22:30 EET 2015 Program 'l' is done

Thu Oct 29 12:22:30 EET 2015 Starting program...
Thu Oct 29 12:22:30 EET 2015 Program 'f' is in progress
Thu Oct 29 12:22:30 EET 2015 Making step forward!
Thu Oct 29 12:22:30 EET 2015 Program 'f' is done

Thu Oct 29 12:22:30 EET 2015 Starting program...
Thu Oct 29 12:22:30 EET 2015 Program 'fr' is in progress
Thu Oct 29 12:22:30 EET 2015 Making step forward!
Thu Oct 29 12:22:30 EET 2015 Turning right!
Thu Oct 29 12:22:30 EET 2015 Program 'fr' is done

Thu Oct 29 12:22:30 EET 2015 Starting program...
Thu Oct 29 12:22:30 EET 2015 Program 'rrfffff' is in progress
Thu Oct 29 12:22:30 EET 2015 Turning right!
Thu Oct 29 12:22:30 EET 2015 Turning right!
Thu Oct 29 12:22:30 EET 2015 Making step forward!
Thu Oct 29 12:22:30 EET 2015 Making step forward!
Thu Oct 29 12:22:30 EET 2015 Making step forward!
Thu Oct 29 12:22:30 EET 2015 Making step forward!
Thu Oct 29 12:22:30 EET 2015 Making step forward!
Thu Oct 29 12:22:30 EET 2015 Program 'rrfffff' is done

Thu Oct 29 12:22:30 EET 2015 Starting program...
Thu Oct 29 12:22:30 EET 2015 Program 'rrf' is in progress
Thu Oct 29 12:22:30 EET 2015 Turning right!
Thu Oct 29 12:22:30 EET 2015 Turning right!
Thu Oct 29 12:22:30 EET 2015 Making step forward!
Thu Oct 29 12:22:30 EET 2015 Program 'rrf' is done

Thu Oct 29 12:22:30 EET 2015 Starting program...
Thu Oct 29 12:22:30 EET 2015 Program ' ' is in progress
Thu Oct 29 12:22:30 EET 2015 Program ' ' is done

Thu Oct 29 12:29:51 EET 2015 Starting program...
Thu Oct 29 12:29:51 EET 2015 Program 'r' is in progress
Thu Oct 29 12:29:51 EET 2015 Turning right!
Thu Oct 29 12:29:51 EET 2015 Program 'r' is done

Thu Oct 29 12:29:52 EET 2015 Starting program...
Thu Oct 29 12:29:52 EET 2015 Program 'l' is in progress
Thu Oct 29 12:29:52 EET 2015 Turning left!
Thu Oct 29 12:29:52 EET 2015 Program 'l' is done

Thu Oct 29 12:29:52 EET 2015 Starting program...
Thu Oct 29 12:29:52 EET 2015 Program 'lf' is in progress
Thu Oct 29 12:29:52 EET 2015 Turning left!
Thu Oct 29 12:29:52 EET 2015 Making step forward!
Thu Oct 29 12:29:52 EET 2015 Program 'lf' is done

Thu Oct 29 12:29:52 EET 2015 Starting program...
Thu Oct 29 12:29:52 EET 2015 Program 'rf' is in progress
Thu Oct 29 12:29:52 EET 2015 Turning right!
Thu Oct 29 12:29:52 EET 2015 Making step forward!
Thu Oct 29 12:29:52 EET 2015 Program 'rf' is done

Thu Oct 29 12:29:52 EET 2015 Starting program...
Thu Oct 29 12:29:52 EET 2015 Program 'rrfffff' is in progress
Thu Oct 29 12:29:52 EET 2015 Turning right!
Thu Oct 29 12:29:52 EET 2015 Turning right!
Thu Oct 29 12:29:52 EET 2015 Making step forward!
Thu Oct 29 12:29:52 EET 2015 Making step forward!
Thu Oct 29 12:29:52 EET 2015 Making step forward!
Thu Oct 29 12:29:52 EET 2015 Making step forward!
Thu Oct 29 12:29:52 EET 2015 Making step forward!
Thu Oct 29 12:29:52 EET 2015 Program 'rrfffff' is done

Thu Oct 29 12:29:52 EET 2015 Starting program...
Thu Oct 29 12:29:52 EET 2015 Program 'r' is in progress
Thu Oct 29 12:29:52 EET 2015 Turning right!
Thu Oct 29 12:29:52 EET 2015 Program 'r' is done

Thu Oct 29 12:29:52 EET 2015 Starting program...
Thu Oct 29 12:29:52 EET 2015 Program 'l' is in progress
Thu Oct 29 12:29:52 EET 2015 Turning left!
Thu Oct 29 12:29:52 EET 2015 Program 'l' is done

Thu Oct 29 12:29:52 EET 2015 Starting program...
Thu Oct 29 12:29:52 EET 2015 Program 'f' is in progress
Thu Oct 29 12:29:52 EET 2015 Making step forward!
Thu Oct 29 12:29:52 EET 2015 Program 'f' is done

Thu Oct 29 12:29:52 EET 2015 Starting program...
Thu Oct 29 12:29:52 EET 2015 Program 'fr' is in progress
Thu Oct 29 12:29:52 EET 2015 Making step forward!
Thu Oct 29 12:29:52 EET 2015 Turning right!
Thu Oct 29 12:29:52 EET 2015 Program 'fr' is done

Thu Oct 29 12:29:52 EET 2015 Starting program...
Thu Oct 29 12:29:52 EET 2015 Program 'rrfffff' is in progress
Thu Oct 29 12:29:52 EET 2015 Turning right!
Thu Oct 29 12:29:52 EET 2015 Turning right!
Thu Oct 29 12:29:52 EET 2015 Making step forward!
Thu Oct 29 12:29:52 EET 2015 Making step forward!
Thu Oct 29 12:29:52 EET 2015 Making step forward!
Thu Oct 29 12:29:52 EET 2015 Making step forward!
Thu Oct 29 12:29:52 EET 2015 Making step forward!
Thu Oct 29 12:29:52 EET 2015 Program 'rrfffff' is done

Thu Oct 29 12:29:52 EET 2015 Starting program...
Thu Oct 29 12:29:52 EET 2015 Program 'rrf' is in progress
Thu Oct 29 12:29:52 EET 2015 Turning right!
Thu Oct 29 12:29:52 EET 2015 Turning right!
Thu Oct 29 12:29:52 EET 2015 Making step forward!
Thu Oct 29 12:29:52 EET 2015 Program 'rrf' is done

Thu Oct 29 12:29:52 EET 2015 Starting program...
Thu Oct 29 12:29:52 EET 2015 Program ' ' is in progress
Thu Oct 29 12:29:52 EET 2015 Program ' ' is done

Thu Oct 29 12:49:56 EET 2015 Starting program...
Thu Oct 29 12:49:56 EET 2015 Program 'r' is in progress
Thu Oct 29 12:49:56 EET 2015 Turning right!
Thu Oct 29 12:49:56 EET 2015 Program 'r' is done

Thu Oct 29 12:49:56 EET 2015 Starting program...
Thu Oct 29 12:49:56 EET 2015 Program 'l' is in progress
Thu Oct 29 12:49:56 EET 2015 Turning left!
Thu Oct 29 12:49:56 EET 2015 Program 'l' is done

Thu Oct 29 12:49:56 EET 2015 Starting program...
Thu Oct 29 12:49:56 EET 2015 Program 'lf' is in progress
Thu Oct 29 12:49:56 EET 2015 Turning left!
Thu Oct 29 12:49:56 EET 2015 Making step forward!
Thu Oct 29 12:49:56 EET 2015 Program 'lf' is done

Thu Oct 29 12:49:56 EET 2015 Starting program...
Thu Oct 29 12:49:56 EET 2015 Program 'rf' is in progress
Thu Oct 29 12:49:56 EET 2015 Turning right!
Thu Oct 29 12:49:56 EET 2015 Making step forward!
Thu Oct 29 12:49:56 EET 2015 Program 'rf' is done

Thu Oct 29 12:49:56 EET 2015 Starting program...
Thu Oct 29 12:49:56 EET 2015 Program 'rrfffff' is in progress
Thu Oct 29 12:49:56 EET 2015 Turning right!
Thu Oct 29 12:49:56 EET 2015 Turning right!
Thu Oct 29 12:49:56 EET 2015 Making step forward!
Thu Oct 29 12:49:56 EET 2015 Making step forward!
Thu Oct 29 12:49:56 EET 2015 Making step forward!
Thu Oct 29 12:49:56 EET 2015 Making step forward!
Thu Oct 29 12:49:56 EET 2015 Making step forward!
Thu Oct 29 12:49:56 EET 2015 Program 'rrfffff' is done

Thu Oct 29 12:49:56 EET 2015 Starting program...
Thu Oct 29 12:49:56 EET 2015 Program 'r' is in progress
Thu Oct 29 12:49:56 EET 2015 Turning right!
Thu Oct 29 12:49:56 EET 2015 Program 'r' is done

Thu Oct 29 12:49:56 EET 2015 Starting program...
Thu Oct 29 12:49:56 EET 2015 Program 'l' is in progress
Thu Oct 29 12:49:56 EET 2015 Turning left!
Thu Oct 29 12:49:56 EET 2015 Program 'l' is done

Thu Oct 29 12:49:56 EET 2015 Starting program...
Thu Oct 29 12:49:56 EET 2015 Program 'f' is in progress
Thu Oct 29 12:49:56 EET 2015 Making step forward!
Thu Oct 29 12:49:56 EET 2015 Program 'f' is done

Thu Oct 29 12:49:56 EET 2015 Starting program...
Thu Oct 29 12:49:56 EET 2015 Program 'fr' is in progress
Thu Oct 29 12:49:56 EET 2015 Making step forward!
Thu Oct 29 12:49:56 EET 2015 Turning right!
Thu Oct 29 12:49:56 EET 2015 Program 'fr' is done

Thu Oct 29 12:49:56 EET 2015 Starting program...
Thu Oct 29 12:49:56 EET 2015 Program 'rrfffff' is in progress
Thu Oct 29 12:49:56 EET 2015 Turning right!
Thu Oct 29 12:49:56 EET 2015 Turning right!
Thu Oct 29 12:49:56 EET 2015 Making step forward!
Thu Oct 29 12:49:56 EET 2015 Making step forward!
Thu Oct 29 12:49:56 EET 2015 Making step forward!
Thu Oct 29 12:49:56 EET 2015 Making step forward!
Thu Oct 29 12:49:56 EET 2015 Making step forward!
Thu Oct 29 12:49:56 EET 2015 Program 'rrfffff' is done

Thu Oct 29 12:49:56 EET 2015 Starting program...
Thu Oct 29 12:49:56 EET 2015 Program 'rrf' is in progress
Thu Oct 29 12:49:56 EET 2015 Turning right!
Thu Oct 29 12:49:56 EET 2015 Turning right!
Thu Oct 29 12:49:56 EET 2015 Making step forward!
Thu Oct 29 12:49:56 EET 2015 Program 'rrf' is done

Thu Oct 29 12:49:56 EET 2015 Starting program...
Thu Oct 29 12:49:56 EET 2015 Program ' ' is in progress
Thu Oct 29 12:49:56 EET 2015 Program ' ' is done

Thu Oct 29 13:03:30 EET 2015 Starting program...
Thu Oct 29 13:03:30 EET 2015 Program 'r' is in progress
Thu Oct 29 13:03:30 EET 2015 Turning right!
Thu Oct 29 13:03:30 EET 2015 Program 'r' is done

Thu Oct 29 13:03:30 EET 2015 Starting program...
Thu Oct 29 13:03:30 EET 2015 Program 'l' is in progress
Thu Oct 29 13:03:30 EET 2015 Turning left!
Thu Oct 29 13:03:30 EET 2015 Program 'l' is done

Thu Oct 29 13:03:30 EET 2015 Starting program...
Thu Oct 29 13:03:30 EET 2015 Program 'lf' is in progress
Thu Oct 29 13:03:30 EET 2015 Turning left!
Thu Oct 29 13:03:30 EET 2015 Making step forward!
Thu Oct 29 13:03:30 EET 2015 Program 'lf' is done

Thu Oct 29 13:03:30 EET 2015 Starting program...
Thu Oct 29 13:03:30 EET 2015 Program 'rf' is in progress
Thu Oct 29 13:03:30 EET 2015 Turning right!
Thu Oct 29 13:03:30 EET 2015 Making step forward!
Thu Oct 29 13:03:30 EET 2015 Program 'rf' is done

Thu Oct 29 13:03:30 EET 2015 Starting program...
Thu Oct 29 13:03:30 EET 2015 Program 'rrfffff' is in progress
Thu Oct 29 13:03:30 EET 2015 Turning right!
Thu Oct 29 13:03:30 EET 2015 Turning right!
Thu Oct 29 13:03:30 EET 2015 Making step forward!
Thu Oct 29 13:03:30 EET 2015 Making step forward!
Thu Oct 29 13:03:30 EET 2015 Making step forward!
Thu Oct 29 13:03:30 EET 2015 Making step forward!
Thu Oct 29 13:03:30 EET 2015 Making step forward!
Thu Oct 29 13:03:30 EET 2015 Program 'rrfffff' is done

Thu Oct 29 13:03:30 EET 2015 Starting program...
Thu Oct 29 13:03:30 EET 2015 Program 'r' is in progress
Thu Oct 29 13:03:30 EET 2015 Turning right!
Thu Oct 29 13:03:30 EET 2015 Program 'r' is done

Thu Oct 29 13:03:30 EET 2015 Starting program...
Thu Oct 29 13:03:30 EET 2015 Program 'l' is in progress
Thu Oct 29 13:03:30 EET 2015 Turning left!
Thu Oct 29 13:03:30 EET 2015 Program 'l' is done

Thu Oct 29 13:03:30 EET 2015 Starting program...
Thu Oct 29 13:03:30 EET 2015 Program 'f' is in progress
Thu Oct 29 13:03:30 EET 2015 Making step forward!
Thu Oct 29 13:03:30 EET 2015 Program 'f' is done

Thu Oct 29 13:03:30 EET 2015 Starting program...
Thu Oct 29 13:03:30 EET 2015 Program 'fr' is in progress
Thu Oct 29 13:03:30 EET 2015 Making step forward!
Thu Oct 29 13:03:30 EET 2015 Turning right!
Thu Oct 29 13:03:30 EET 2015 Program 'fr' is done

Thu Oct 29 13:03:30 EET 2015 Starting program...
Thu Oct 29 13:03:30 EET 2015 Program 'rrfffff' is in progress
Thu Oct 29 13:03:30 EET 2015 Turning right!
Thu Oct 29 13:03:30 EET 2015 Turning right!
Thu Oct 29 13:03:30 EET 2015 Making step forward!
Thu Oct 29 13:03:30 EET 2015 Making step forward!
Thu Oct 29 13:03:30 EET 2015 Making step forward!
Thu Oct 29 13:03:30 EET 2015 Making step forward!
Thu Oct 29 13:03:30 EET 2015 Making step forward!
Thu Oct 29 13:03:30 EET 2015 Program 'rrfffff' is done

Thu Oct 29 13:03:30 EET 2015 Starting program...
Thu Oct 29 13:03:30 EET 2015 Program 'rrf' is in progress
Thu Oct 29 13:03:30 EET 2015 Turning right!
Thu Oct 29 13:03:30 EET 2015 Turning right!
Thu Oct 29 13:03:30 EET 2015 Making step forward!
Thu Oct 29 13:03:30 EET 2015 Program 'rrf' is done

Thu Oct 29 13:03:30 EET 2015 Starting program...
Thu Oct 29 13:03:30 EET 2015 Program ' ' is in progress
Thu Oct 29 13:03:30 EET 2015 Program ' ' is done

Thu Oct 29 13:41:49 EET 2015 Starting program...
Thu Oct 29 13:41:49 EET 2015 Program 'r' is in progress
Thu Oct 29 13:41:49 EET 2015 Turning right!
Thu Oct 29 13:41:49 EET 2015 Program 'r' is done

Thu Oct 29 13:41:49 EET 2015 Starting program...
Thu Oct 29 13:41:49 EET 2015 Program 'l' is in progress
Thu Oct 29 13:41:49 EET 2015 Turning left!
Thu Oct 29 13:41:49 EET 2015 Program 'l' is done

Thu Oct 29 13:41:49 EET 2015 Starting program...
Thu Oct 29 13:41:49 EET 2015 Program 'lf' is in progress
Thu Oct 29 13:41:49 EET 2015 Turning left!
Thu Oct 29 13:41:49 EET 2015 Making step forward!
Thu Oct 29 13:41:49 EET 2015 Program 'lf' is done

Thu Oct 29 13:41:49 EET 2015 Starting program...
Thu Oct 29 13:41:49 EET 2015 Program 'rf' is in progress
Thu Oct 29 13:41:49 EET 2015 Turning right!
Thu Oct 29 13:41:49 EET 2015 Making step forward!
Thu Oct 29 13:41:49 EET 2015 Program 'rf' is done

Thu Oct 29 13:41:49 EET 2015 Starting program...
Thu Oct 29 13:41:49 EET 2015 Program 'rrfffff' is in progress
Thu Oct 29 13:41:49 EET 2015 Turning right!
Thu Oct 29 13:41:49 EET 2015 Turning right!
Thu Oct 29 13:41:49 EET 2015 Making step forward!
Thu Oct 29 13:41:49 EET 2015 Making step forward!
Thu Oct 29 13:41:49 EET 2015 Making step forward!
Thu Oct 29 13:41:49 EET 2015 Making step forward!
Thu Oct 29 13:41:49 EET 2015 Making step forward!
Thu Oct 29 13:41:49 EET 2015 Program 'rrfffff' is done

Thu Oct 29 13:41:50 EET 2015 Starting program...
Thu Oct 29 13:41:50 EET 2015 Program 'r' is in progress
Thu Oct 29 13:41:50 EET 2015 Turning right!
Thu Oct 29 13:41:50 EET 2015 Program 'r' is done

Thu Oct 29 13:41:50 EET 2015 Starting program...
Thu Oct 29 13:41:50 EET 2015 Program 'l' is in progress
Thu Oct 29 13:41:50 EET 2015 Turning left!
Thu Oct 29 13:41:50 EET 2015 Program 'l' is done

Thu Oct 29 13:41:50 EET 2015 Starting program...
Thu Oct 29 13:41:50 EET 2015 Program 'f' is in progress
Thu Oct 29 13:41:50 EET 2015 Making step forward!
Thu Oct 29 13:41:50 EET 2015 Program 'f' is done

Thu Oct 29 13:41:50 EET 2015 Starting program...
Thu Oct 29 13:41:50 EET 2015 Program 'fr' is in progress
Thu Oct 29 13:41:50 EET 2015 Making step forward!
Thu Oct 29 13:41:50 EET 2015 Turning right!
Thu Oct 29 13:41:50 EET 2015 Program 'fr' is done

Thu Oct 29 13:41:50 EET 2015 Starting program...
Thu Oct 29 13:41:50 EET 2015 Program 'rrfffff' is in progress
Thu Oct 29 13:41:50 EET 2015 Turning right!
Thu Oct 29 13:41:50 EET 2015 Turning right!
Thu Oct 29 13:41:50 EET 2015 Making step forward!
Thu Oct 29 13:41:50 EET 2015 Making step forward!
Thu Oct 29 13:41:50 EET 2015 Making step forward!
Thu Oct 29 13:41:50 EET 2015 Making step forward!
Thu Oct 29 13:41:50 EET 2015 Making step forward!
Thu Oct 29 13:41:50 EET 2015 Program 'rrfffff' is done

Thu Oct 29 13:41:50 EET 2015 Starting program...
Thu Oct 29 13:41:50 EET 2015 Program 'rrf' is in progress
Thu Oct 29 13:41:50 EET 2015 Turning right!
Thu Oct 29 13:41:50 EET 2015 Turning right!
Thu Oct 29 13:41:50 EET 2015 Making step forward!
Thu Oct 29 13:41:50 EET 2015 Program 'rrf' is done

Thu Oct 29 13:41:50 EET 2015 Starting program...
Thu Oct 29 13:41:50 EET 2015 Program ' ' is in progress
Thu Oct 29 13:41:50 EET 2015 Program ' ' is done

Thu Oct 29 15:08:04 EET 2015 Starting program...
Thu Oct 29 15:08:04 EET 2015 Program 'r' is in progress
Thu Oct 29 15:08:04 EET 2015 Turning right!
Thu Oct 29 15:08:04 EET 2015 Program 'r' is done

Thu Oct 29 15:08:04 EET 2015 Starting program...
Thu Oct 29 15:08:04 EET 2015 Program 'l' is in progress
Thu Oct 29 15:08:04 EET 2015 Turning left!
Thu Oct 29 15:08:04 EET 2015 Program 'l' is done

Thu Oct 29 15:08:04 EET 2015 Starting program...
Thu Oct 29 15:08:04 EET 2015 Program 'lf' is in progress
Thu Oct 29 15:08:04 EET 2015 Turning left!
Thu Oct 29 15:08:04 EET 2015 Making step forward!
Thu Oct 29 15:08:04 EET 2015 Program 'lf' is done

Thu Oct 29 15:08:04 EET 2015 Starting program...
Thu Oct 29 15:08:04 EET 2015 Program 'rf' is in progress
Thu Oct 29 15:08:04 EET 2015 Turning right!
Thu Oct 29 15:08:04 EET 2015 Making step forward!
Thu Oct 29 15:08:04 EET 2015 Program 'rf' is done

Thu Oct 29 15:08:04 EET 2015 Starting program...
Thu Oct 29 15:08:04 EET 2015 Program 'rrfffff' is in progress
Thu Oct 29 15:08:04 EET 2015 Turning right!
Thu Oct 29 15:08:04 EET 2015 Turning right!
Thu Oct 29 15:08:04 EET 2015 Making step forward!
Thu Oct 29 15:08:04 EET 2015 Making step forward!
Thu Oct 29 15:08:04 EET 2015 Making step forward!
Thu Oct 29 15:08:04 EET 2015 Making step forward!
Thu Oct 29 15:08:04 EET 2015 Making step forward!
Thu Oct 29 15:08:04 EET 2015 Program 'rrfffff' is done

Thu Oct 29 15:08:04 EET 2015 Starting program...
Thu Oct 29 15:08:04 EET 2015 Program 'r' is in progress
Thu Oct 29 15:08:04 EET 2015 Turning right!
Thu Oct 29 15:08:04 EET 2015 Program 'r' is done

Thu Oct 29 15:08:04 EET 2015 Starting program...
Thu Oct 29 15:08:04 EET 2015 Program 'l' is in progress
Thu Oct 29 15:08:04 EET 2015 Turning left!
Thu Oct 29 15:08:04 EET 2015 Program 'l' is done

Thu Oct 29 15:08:04 EET 2015 Starting program...
Thu Oct 29 15:08:04 EET 2015 Program 'f' is in progress
Thu Oct 29 15:08:04 EET 2015 Making step forward!
Thu Oct 29 15:08:04 EET 2015 Program 'f' is done

Thu Oct 29 15:08:04 EET 2015 Starting program...
Thu Oct 29 15:08:04 EET 2015 Program 'fr' is in progress
Thu Oct 29 15:08:04 EET 2015 Making step forward!
Thu Oct 29 15:08:04 EET 2015 Turning right!
Thu Oct 29 15:08:04 EET 2015 Program 'fr' is done

Thu Oct 29 15:08:04 EET 2015 Starting program...
Thu Oct 29 15:08:04 EET 2015 Program 'rrfffff' is in progress
Thu Oct 29 15:08:04 EET 2015 Turning right!
Thu Oct 29 15:08:04 EET 2015 Turning right!
Thu Oct 29 15:08:04 EET 2015 Making step forward!
Thu Oct 29 15:08:04 EET 2015 Making step forward!
Thu Oct 29 15:08:04 EET 2015 Making step forward!
Thu Oct 29 15:08:04 EET 2015 Making step forward!
Thu Oct 29 15:08:04 EET 2015 Making step forward!
Thu Oct 29 15:08:04 EET 2015 Program 'rrfffff' is done

Thu Oct 29 15:08:04 EET 2015 Starting program...
Thu Oct 29 15:08:04 EET 2015 Program 'rrf' is in progress
Thu Oct 29 15:08:04 EET 2015 Turning right!
Thu Oct 29 15:08:04 EET 2015 Turning right!
Thu Oct 29 15:08:04 EET 2015 Making step forward!
Thu Oct 29 15:08:04 EET 2015 Program 'rrf' is done

Thu Oct 29 15:08:04 EET 2015 Starting program...
Thu Oct 29 15:08:04 EET 2015 Program ' ' is in progress
Thu Oct 29 15:08:04 EET 2015 Program ' ' is done

Thu Oct 29 15:16:09 EET 2015 Starting program...
Thu Oct 29 15:16:09 EET 2015 Program 'r' is in progress
Thu Oct 29 15:16:09 EET 2015 Turning right!
Thu Oct 29 15:16:09 EET 2015 Program 'r' is done

Thu Oct 29 15:16:09 EET 2015 Starting program...
Thu Oct 29 15:16:09 EET 2015 Program 'l' is in progress
Thu Oct 29 15:16:09 EET 2015 Turning left!
Thu Oct 29 15:16:09 EET 2015 Program 'l' is done

Thu Oct 29 15:16:09 EET 2015 Starting program...
Thu Oct 29 15:16:09 EET 2015 Program 'lf' is in progress
Thu Oct 29 15:16:09 EET 2015 Turning left!
Thu Oct 29 15:16:09 EET 2015 Making step forward!
Thu Oct 29 15:16:09 EET 2015 Program 'lf' is done

Thu Oct 29 15:16:09 EET 2015 Starting program...
Thu Oct 29 15:16:09 EET 2015 Program 'rf' is in progress
Thu Oct 29 15:16:09 EET 2015 Turning right!
Thu Oct 29 15:16:09 EET 2015 Making step forward!
Thu Oct 29 15:16:09 EET 2015 Program 'rf' is done

Thu Oct 29 15:16:09 EET 2015 Starting program...
Thu Oct 29 15:16:09 EET 2015 Program 'rrfffff' is in progress
Thu Oct 29 15:16:09 EET 2015 Turning right!
Thu Oct 29 15:16:09 EET 2015 Turning right!
Thu Oct 29 15:16:09 EET 2015 Making step forward!
Thu Oct 29 15:16:09 EET 2015 Making step forward!
Thu Oct 29 15:16:09 EET 2015 Making step forward!
Thu Oct 29 15:16:09 EET 2015 Making step forward!
Thu Oct 29 15:16:09 EET 2015 Making step forward!
Thu Oct 29 15:16:09 EET 2015 Program 'rrfffff' is done

Thu Oct 29 15:16:09 EET 2015 Starting program...
Thu Oct 29 15:16:09 EET 2015 Program 'r' is in progress
Thu Oct 29 15:16:09 EET 2015 Turning right!
Thu Oct 29 15:16:09 EET 2015 Program 'r' is done

Thu Oct 29 15:16:09 EET 2015 Starting program...
Thu Oct 29 15:16:09 EET 2015 Program 'l' is in progress
Thu Oct 29 15:16:09 EET 2015 Turning left!
Thu Oct 29 15:16:09 EET 2015 Program 'l' is done

Thu Oct 29 15:16:09 EET 2015 Starting program...
Thu Oct 29 15:16:09 EET 2015 Program 'f' is in progress
Thu Oct 29 15:16:09 EET 2015 Making step forward!
Thu Oct 29 15:16:09 EET 2015 Program 'f' is done

Thu Oct 29 15:16:09 EET 2015 Starting program...
Thu Oct 29 15:16:09 EET 2015 Program 'fr' is in progress
Thu Oct 29 15:16:09 EET 2015 Making step forward!
Thu Oct 29 15:16:09 EET 2015 Turning right!
Thu Oct 29 15:16:09 EET 2015 Program 'fr' is done

Thu Oct 29 15:16:09 EET 2015 Starting program...
Thu Oct 29 15:16:09 EET 2015 Program 'rrfffff' is in progress
Thu Oct 29 15:16:09 EET 2015 Turning right!
Thu Oct 29 15:16:09 EET 2015 Turning right!
Thu Oct 29 15:16:09 EET 2015 Making step forward!
Thu Oct 29 15:16:09 EET 2015 Making step forward!
Thu Oct 29 15:16:09 EET 2015 Making step forward!
Thu Oct 29 15:16:09 EET 2015 Making step forward!
Thu Oct 29 15:16:09 EET 2015 Making step forward!
Thu Oct 29 15:16:09 EET 2015 Program 'rrfffff' is done

Thu Oct 29 15:16:09 EET 2015 Starting program...
Thu Oct 29 15:16:09 EET 2015 Program 'rrf' is in progress
Thu Oct 29 15:16:09 EET 2015 Turning right!
Thu Oct 29 15:16:09 EET 2015 Turning right!
Thu Oct 29 15:16:09 EET 2015 Making step forward!
Thu Oct 29 15:16:09 EET 2015 Program 'rrf' is done

Thu Oct 29 15:16:09 EET 2015 Starting program...
Thu Oct 29 15:16:09 EET 2015 Program ' ' is in progress
Thu Oct 29 15:16:09 EET 2015 Program ' ' is done

Thu Oct 29 15:16:25 EET 2015 Starting program...
Thu Oct 29 15:16:25 EET 2015 Program 'r' is in progress
Thu Oct 29 15:16:25 EET 2015 Turning right!
Thu Oct 29 15:16:25 EET 2015 Program 'r' is done

Thu Oct 29 15:16:25 EET 2015 Starting program...
Thu Oct 29 15:16:25 EET 2015 Program 'l' is in progress
Thu Oct 29 15:16:25 EET 2015 Turning left!
Thu Oct 29 15:16:25 EET 2015 Program 'l' is done

Thu Oct 29 15:16:25 EET 2015 Starting program...
Thu Oct 29 15:16:25 EET 2015 Program 'lf' is in progress
Thu Oct 29 15:16:25 EET 2015 Turning left!
Thu Oct 29 15:16:25 EET 2015 Making step forward!
Thu Oct 29 15:16:25 EET 2015 Program 'lf' is done

Thu Oct 29 15:16:25 EET 2015 Starting program...
Thu Oct 29 15:16:25 EET 2015 Program 'rf' is in progress
Thu Oct 29 15:16:25 EET 2015 Turning right!
Thu Oct 29 15:16:25 EET 2015 Making step forward!
Thu Oct 29 15:16:25 EET 2015 Program 'rf' is done

Thu Oct 29 15:16:25 EET 2015 Starting program...
Thu Oct 29 15:16:25 EET 2015 Program 'rrfffff' is in progress
Thu Oct 29 15:16:25 EET 2015 Turning right!
Thu Oct 29 15:16:25 EET 2015 Turning right!
Thu Oct 29 15:16:25 EET 2015 Making step forward!
Thu Oct 29 15:16:25 EET 2015 Making step forward!
Thu Oct 29 15:16:25 EET 2015 Making step forward!
Thu Oct 29 15:16:25 EET 2015 Making step forward!
Thu Oct 29 15:16:25 EET 2015 Making step forward!
Thu Oct 29 15:16:25 EET 2015 Program 'rrfffff' is done

Thu Oct 29 15:16:25 EET 2015 Starting program...
Thu Oct 29 15:16:25 EET 2015 Program 'r' is in progress
Thu Oct 29 15:16:25 EET 2015 Turning right!
Thu Oct 29 15:16:25 EET 2015 Program 'r' is done

Thu Oct 29 15:16:25 EET 2015 Starting program...
Thu Oct 29 15:16:25 EET 2015 Program 'l' is in progress
Thu Oct 29 15:16:25 EET 2015 Turning left!
Thu Oct 29 15:16:25 EET 2015 Program 'l' is done

Thu Oct 29 15:16:25 EET 2015 Starting program...
Thu Oct 29 15:16:25 EET 2015 Program 'f' is in progress
Thu Oct 29 15:16:25 EET 2015 Making step forward!
Thu Oct 29 15:16:25 EET 2015 Program 'f' is done

Thu Oct 29 15:16:25 EET 2015 Starting program...
Thu Oct 29 15:16:25 EET 2015 Program 'fr' is in progress
Thu Oct 29 15:16:25 EET 2015 Making step forward!
Thu Oct 29 15:16:25 EET 2015 Turning right!
Thu Oct 29 15:16:25 EET 2015 Program 'fr' is done

Thu Oct 29 15:16:25 EET 2015 Starting program...
Thu Oct 29 15:16:25 EET 2015 Program 'rrfffff' is in progress
Thu Oct 29 15:16:25 EET 2015 Turning right!
Thu Oct 29 15:16:25 EET 2015 Turning right!
Thu Oct 29 15:16:25 EET 2015 Making step forward!
Thu Oct 29 15:16:25 EET 2015 Making step forward!
Thu Oct 29 15:16:25 EET 2015 Making step forward!
Thu Oct 29 15:16:25 EET 2015 Making step forward!
Thu Oct 29 15:16:25 EET 2015 Making step forward!
Thu Oct 29 15:16:25 EET 2015 Program 'rrfffff' is done

Thu Oct 29 15:16:25 EET 2015 Starting program...
Thu Oct 29 15:16:25 EET 2015 Program 'rrf' is in progress
Thu Oct 29 15:16:25 EET 2015 Turning right!
Thu Oct 29 15:16:25 EET 2015 Turning right!
Thu Oct 29 15:16:25 EET 2015 Making step forward!
Thu Oct 29 15:16:25 EET 2015 Program 'rrf' is done

Thu Oct 29 15:16:25 EET 2015 Starting program...
Thu Oct 29 15:16:25 EET 2015 Program ' ' is in progress
Thu Oct 29 15:16:25 EET 2015 Program ' ' is done

Thu Oct 29 15:18:24 EET 2015 Starting program...
Thu Oct 29 15:18:24 EET 2015 Program 'r' is in progress
Thu Oct 29 15:18:24 EET 2015 Turning right!
Thu Oct 29 15:18:24 EET 2015 Program 'r' is done

Thu Oct 29 15:18:24 EET 2015 Starting program...
Thu Oct 29 15:18:24 EET 2015 Program 'l' is in progress
Thu Oct 29 15:18:24 EET 2015 Turning left!
Thu Oct 29 15:18:24 EET 2015 Program 'l' is done

Thu Oct 29 15:18:24 EET 2015 Starting program...
Thu Oct 29 15:18:24 EET 2015 Program 'lf' is in progress
Thu Oct 29 15:18:24 EET 2015 Turning left!
Thu Oct 29 15:18:24 EET 2015 Making step forward!
Thu Oct 29 15:18:24 EET 2015 Program 'lf' is done

Thu Oct 29 15:18:24 EET 2015 Starting program...
Thu Oct 29 15:18:24 EET 2015 Program 'rf' is in progress
Thu Oct 29 15:18:24 EET 2015 Turning right!
Thu Oct 29 15:18:24 EET 2015 Making step forward!
Thu Oct 29 15:18:24 EET 2015 Program 'rf' is done

Thu Oct 29 15:18:24 EET 2015 Starting program...
Thu Oct 29 15:18:24 EET 2015 Program 'rrfffff' is in progress
Thu Oct 29 15:18:24 EET 2015 Turning right!
Thu Oct 29 15:18:24 EET 2015 Turning right!
Thu Oct 29 15:18:24 EET 2015 Making step forward!
Thu Oct 29 15:18:24 EET 2015 Making step forward!
Thu Oct 29 15:18:24 EET 2015 Making step forward!
Thu Oct 29 15:18:24 EET 2015 Making step forward!
Thu Oct 29 15:18:24 EET 2015 Making step forward!
Thu Oct 29 15:18:24 EET 2015 Program 'rrfffff' is done

Thu Oct 29 15:18:24 EET 2015 Starting program...
Thu Oct 29 15:18:24 EET 2015 Program 'r' is in progress
Thu Oct 29 15:18:24 EET 2015 Turning right!
Thu Oct 29 15:18:24 EET 2015 Program 'r' is done

Thu Oct 29 15:18:24 EET 2015 Starting program...
Thu Oct 29 15:18:24 EET 2015 Program 'l' is in progress
Thu Oct 29 15:18:24 EET 2015 Turning left!
Thu Oct 29 15:18:24 EET 2015 Program 'l' is done

Thu Oct 29 15:18:24 EET 2015 Starting program...
Thu Oct 29 15:18:24 EET 2015 Program 'f' is in progress
Thu Oct 29 15:18:24 EET 2015 Making step forward!
Thu Oct 29 15:18:24 EET 2015 Program 'f' is done

Thu Oct 29 15:18:24 EET 2015 Starting program...
Thu Oct 29 15:18:24 EET 2015 Program 'fr' is in progress
Thu Oct 29 15:18:24 EET 2015 Making step forward!
Thu Oct 29 15:18:24 EET 2015 Turning right!
Thu Oct 29 15:18:24 EET 2015 Program 'fr' is done

Thu Oct 29 15:18:24 EET 2015 Starting program...
Thu Oct 29 15:18:24 EET 2015 Program 'rrfffff' is in progress
Thu Oct 29 15:18:24 EET 2015 Turning right!
Thu Oct 29 15:18:24 EET 2015 Turning right!
Thu Oct 29 15:18:24 EET 2015 Making step forward!
Thu Oct 29 15:18:24 EET 2015 Making step forward!
Thu Oct 29 15:18:24 EET 2015 Making step forward!
Thu Oct 29 15:18:24 EET 2015 Making step forward!
Thu Oct 29 15:18:24 EET 2015 Making step forward!
Thu Oct 29 15:18:24 EET 2015 Program 'rrfffff' is done

Thu Oct 29 15:18:24 EET 2015 Starting program...
Thu Oct 29 15:18:24 EET 2015 Program 'rrf' is in progress
Thu Oct 29 15:18:24 EET 2015 Turning right!
Thu Oct 29 15:18:24 EET 2015 Turning right!
Thu Oct 29 15:18:24 EET 2015 Making step forward!
Thu Oct 29 15:18:24 EET 2015 Program 'rrf' is done

Thu Oct 29 15:18:24 EET 2015 Starting program...
Thu Oct 29 15:18:24 EET 2015 Program ' ' is in progress
Thu Oct 29 15:18:24 EET 2015 Program ' ' is done

