13:09:29.680 [main] ERROR nix.jdbcworkshop.app.CreateTables.main:41 - org.h2.jdbc.JdbcSQLException: Database may be already in use: "Locked by another process". Possible solutions: close all other connection(s); use the server mode [90020-176]
17:16:04.029 [main] ERROR nix.jdbcworkshop.app.CreateTables.main:50 - java.io.FileNotFoundException: File 'ddl.sql' does not exist
17:29:18.539 [main] ERROR nix.jdbcworkshop.app.CreateTables.main:50 - org.h2.jdbc.JdbcSQLException: Table "CAR_TYPE" already exists; SQL statement:
CREATE TABLE car_type(car_type_id INT IDENTITY,brand VARCHAR(255),MODEL VARCHAR(255)); [42101-176]
	at org.h2.message.DbException.getJdbcSQLException(DbException.java:344)
	at org.h2.message.DbException.get(DbException.java:178)
	at org.h2.message.DbException.get(DbException.java:154)
	at org.h2.command.ddl.CreateTable.update(CreateTable.java:110)
	at org.h2.command.CommandContainer.update(CommandContainer.java:79)
	at org.h2.command.Command.executeUpdate(Command.java:254)
	at org.h2.server.TcpServerThread.process(TcpServerThread.java:346)
	at org.h2.server.TcpServerThread.run(TcpServerThread.java:160)
	at java.lang.Thread.run(Unknown Source)

17:30:10.331 [main] ERROR nix.jdbcworkshop.app.DeleteTables.main:48 - org.h2.jdbc.JdbcSQLException: Syntax error in SQL statement "DROP TABLE *"; expected "identifier"; SQL statement:
DROP TABLE * [42001-176]
	at org.h2.message.DbException.getJdbcSQLException(DbException.java:344)
	at org.h2.message.DbException.getSyntaxError(DbException.java:204)
	at org.h2.command.Parser.readIdentifierWithSchema(Parser.java:3024)
	at org.h2.command.Parser.readIdentifierWithSchema(Parser.java:3055)
	at org.h2.command.Parser.parseDrop(Parser.java:1332)
	at org.h2.command.Parser.parsePrepared(Parser.java:365)
	at org.h2.command.Parser.parse(Parser.java:306)
	at org.h2.command.Parser.parse(Parser.java:278)
	at org.h2.command.Parser.prepareCommand(Parser.java:243)
	at org.h2.engine.Session.prepareLocal(Session.java:442)
	at org.h2.server.TcpServerThread.process(TcpServerThread.java:265)
	at org.h2.server.TcpServerThread.run(TcpServerThread.java:160)
	at java.lang.Thread.run(Unknown Source)

17:58:24.333 [main] ERROR nix.jdbcworkshop.app.DeleteTables.main:48 - org.h2.jdbc.JdbcSQLException: Admin rights are required for this operation; SQL statement:
DROP ALL OBJECTS; [90040-176]
	at org.h2.message.DbException.getJdbcSQLException(DbException.java:344)
	at org.h2.message.DbException.get(DbException.java:178)
	at org.h2.message.DbException.get(DbException.java:154)
	at org.h2.message.DbException.get(DbException.java:143)
	at org.h2.engine.User.checkAdmin(User.java:208)
	at org.h2.command.ddl.DropDatabase.dropAllObjects(DropDatabase.java:46)
	at org.h2.command.ddl.DropDatabase.update(DropDatabase.java:37)
	at org.h2.command.CommandContainer.update(CommandContainer.java:79)
	at org.h2.command.Command.executeUpdate(Command.java:254)
	at org.h2.server.TcpServerThread.process(TcpServerThread.java:346)
	at org.h2.server.TcpServerThread.run(TcpServerThread.java:160)
	at java.lang.Thread.run(Unknown Source)

20:36:13.481 [main] ERROR nix.jdbcworkshop.app.DaoDemo.main:51 - java.lang.UnsupportedOperationException
20:37:31.617 [main] ERROR nix.jdbcworkshop.app.DaoDemo.main:51 - [Ljava.lang.StackTraceElement;@7e2d773b
20:38:04.647 [main] ERROR nix.jdbcworkshop.app.DaoDemo.main:51 - null
20:47:20.403 [main] ERROR nix.jdbcworkshop.app.DaoDemo.main:51 - java.lang.NullPointerException
20:47:32.273 [main] ERROR nix.jdbcworkshop.app.DaoDemo.main:51 - org.h2.jdbc.JdbcSQLException: Wrong user name or password [28000-176]
	at org.h2.message.DbException.getJdbcSQLException(DbException.java:344)
	at org.h2.message.DbException.get(DbException.java:178)
	at org.h2.message.DbException.get(DbException.java:154)
	at org.h2.message.DbException.get(DbException.java:143)
	at org.h2.engine.Engine.validateUserAndPassword(Engine.java:316)
	at org.h2.engine.Engine.createSessionAndValidate(Engine.java:150)
	at org.h2.engine.Engine.createSession(Engine.java:125)
	at org.h2.server.TcpServerThread.run(TcpServerThread.java:150)
	at java.lang.Thread.run(Unknown Source)

20:48:03.592 [main] ERROR nix.jdbcworkshop.app.DaoDemo.main:51 - org.h2.jdbc.JdbcSQLException: Table "CAR_TYPE" already exists; SQL statement:
CREATE TABLE car_type(car_type_id INT IDENTITY,brand VARCHAR(255),MODEL VARCHAR(255)); [42101-176]
	at org.h2.message.DbException.getJdbcSQLException(DbException.java:344)
	at org.h2.message.DbException.get(DbException.java:178)
	at org.h2.message.DbException.get(DbException.java:154)
	at org.h2.command.ddl.CreateTable.update(CreateTable.java:110)
	at org.h2.command.CommandContainer.update(CommandContainer.java:79)
	at org.h2.command.Command.executeUpdate(Command.java:254)
	at org.h2.server.TcpServerThread.process(TcpServerThread.java:346)
	at org.h2.server.TcpServerThread.run(TcpServerThread.java:160)
	at java.lang.Thread.run(Unknown Source)

20:48:59.239 [main] ERROR nix.jdbcworkshop.app.DaoDemo.main:51 - java.lang.UnsupportedOperationException
20:57:43.630 [main] ERROR nix.jdbcworkshop.app.DaoDemo.main:51 - java.lang.NullPointerException
20:58:19.694 [main] ERROR nix.jdbcworkshop.app.DaoDemo.main:51 - org.h2.jdbc.JdbcSQLException: Table "CAR_TYPE" already exists; SQL statement:
CREATE TABLE car_type(car_type_id INT IDENTITY,brand VARCHAR(255),MODEL VARCHAR(255)); [42101-176]
	at org.h2.message.DbException.getJdbcSQLException(DbException.java:344)
	at org.h2.message.DbException.get(DbException.java:178)
	at org.h2.message.DbException.get(DbException.java:154)
	at org.h2.command.ddl.CreateTable.update(CreateTable.java:110)
	at org.h2.command.CommandContainer.update(CommandContainer.java:79)
	at org.h2.command.Command.executeUpdate(Command.java:254)
	at org.h2.server.TcpServerThread.process(TcpServerThread.java:346)
	at org.h2.server.TcpServerThread.run(TcpServerThread.java:160)
	at java.lang.Thread.run(Unknown Source)

21:04:31.897 [main] INFO  nix.jdbcworkshop.app.DeleteTables.main:46 - Tables are deleted
21:05:13.423 [main] INFO  nix.jdbcworkshop.app.CreateTables.main:47 - Success: CREATE TABLE car_type(car_type_id INT IDENTITY,brand VARCHAR(255),MODEL VARCHAR(255));
21:05:13.439 [main] INFO  nix.jdbcworkshop.app.CreateTables.main:47 - Success: ALTER TABLE car_type ALTER COLUMN brand VARCHAR(255) NOT NULL;
21:05:13.439 [main] INFO  nix.jdbcworkshop.app.CreateTables.main:47 - Success: ALTER TABLE car_type ALTER COLUMN model VARCHAR(255) NOT NULL;
21:05:13.439 [main] INFO  nix.jdbcworkshop.app.CreateTables.main:47 - Success: ALTER TABLE car_type ADD CONSTRAINT unique_brand_model UNIQUE(brand, model);
21:05:13.439 [main] INFO  nix.jdbcworkshop.app.CreateTables.main:47 - Success: CREATE TABLE client(client_id bigint IDENTITY,first_name VARCHAR(255) NOT NULL,last_name VARCHAR(255) NOT NULL);
21:05:13.439 [main] INFO  nix.jdbcworkshop.app.CreateTables.main:47 - Success: CREATE TABLE car(car_id bigint PRIMARY KEY,serial_id varchar_ignorecase(255) NOT NULL,car_type_id INT NOT NULL,client_id bigint NOT NULL,FOREIGN KEY (car_type_id) REFERENCES car_type(car_type_id),FOREIGN KEY (client_id) REFERENCES client(client_id));
21:05:13.439 [main] INFO  nix.jdbcworkshop.app.CreateTables.main:47 - Success: CREATE TABLE car_order_status(car_order_status_id TINYINT IDENTITY,name VARCHAR(255) NOT NULL);
21:05:13.439 [main] INFO  nix.jdbcworkshop.app.CreateTables.main:47 - Success: CREATE TABLE car_order(car_order_id BIGINT IDENTITY,car_id BIGINT NOT NULL,car_order_status_id TINYINT NOT NULL,start_date TIMESTAMP NOT NULL,end_date TIMESTAMP,FOREIGN KEY (car_order_status_id) REFERENCES car_order_status (car_order_status_id),FOREIGN KEY (car_id) REFERENCES car(car_id));
21:05:13.439 [main] INFO  nix.jdbcworkshop.app.CreateTables.main:47 - Success: CREATE TABLE employee_category(employee_category_id TINYINT IDENTITY,name VARCHAR (255) NOT NULL);
21:05:13.439 [main] INFO  nix.jdbcworkshop.app.CreateTables.main:47 - Success: CREATE TABLE employee(employee_id INT IDENTITY,first_name VARCHAR(255) NOT NULL,last_name VARCHAR(255) NOT NULL,employee_category_id TINYINT NOT NULL,FOREIGN KEY (employee_category_id) REFERENCES employee_category(employee_category_id));
21:05:13.439 [main] INFO  nix.jdbcworkshop.app.CreateTables.main:47 - Success: CREATE TABLE employee_car_order(employee_id INT NOT NULL,car_order_id BIGINT NOT NULL,PRIMARY KEY (employee_id,car_order_id),FOREIGN KEY (employee_id) REFERENCES employee(employee_id),FOREIGN KEY (car_order_id) REFERENCES car_order(car_order_id));
21:05:13.439 [main] INFO  nix.jdbcworkshop.app.CreateTables.main:47 - Success: ALTER TABLE car ALTER COLUMN car_id bigint AUTO_INCREMENT;
21:05:13.439 [main] INFO  nix.jdbcworkshop.app.CreateTables.main:47 - Success: ALTER TABLE car_order_status ADD CONSTRAINT unique_car_order_status_name UNIQUE(name);
21:05:13.439 [main] INFO  nix.jdbcworkshop.app.CreateTables.main:47 - Success: ALTER TABLE employee_category ADD CONSTRAINT unique_employee_category_name UNIQUE(name);
21:05:13.439 [main] INFO  nix.jdbcworkshop.app.CreateTables.main:47 - Success: ALTER TABLE car ADD CONSTRAINT unique_car_serial_id UNIQUE(serial_id);
21:05:13.439 [main] INFO  nix.jdbcworkshop.app.CreateTables.main:49 - DB structure is created
17:41:52.392 [main] ERROR nix.jdbcworkshop.dao.impl.CarTypeDao.create:52 - org.h2.jdbc.JdbcSQLException: Invalid value "1" for parameter "parameterIndex" [90008-176]
17:43:39.036 [main] ERROR nix.jdbcworkshop.dao.impl.CarTypeDao.create:52 - org.h2.jdbc.JdbcSQLException: Column "car_type_id" not found [42122-176]
17:44:59.859 [main] ERROR nix.jdbcworkshop.dao.impl.CarTypeDao.create:52 - org.h2.jdbc.JdbcSQLException: Column "CAR_TYPE_ID" not found [42122-176]
17:48:21.885 [main] ERROR nix.jdbcworkshop.dao.impl.CarTypeDao.create:52 - org.h2.jdbc.JdbcSQLException: Column "CAR_TYPE_ID" not found [42122-176]
17:55:57.012 [main] ERROR nix.jdbcworkshop.dao.impl.CarTypeDao.create:56 - org.h2.jdbc.JdbcSQLException: Column "CAR_TYPE_ID" not found [42122-176]
18:09:34.099 [main] ERROR nix.jdbcworkshop.dao.impl.CarTypeDao.create:56 - org.h2.jdbc.JdbcSQLException: Column "car_type_id" not found [42122-176]
18:22:45.460 [main] ERROR nix.jdbcworkshop.dao.impl.CarTypeDao.create:58 - org.h2.jdbc.JdbcSQLException: Unique index or primary key violation: "UNIQUE_BRAND_MODEL_INDEX_2 ON PUBLIC.CAR_TYPE(BRAND, MODEL) VALUES ( /* key:17 */ null, 'Tesla', 'X')"; SQL statement:
INSERT INTO car_type (brand,model)VALUES (?,?) [23505-176]
	at org.h2.message.DbException.getJdbcSQLException(DbException.java:344)
	at org.h2.message.DbException.get(DbException.java:178)
	at org.h2.message.DbException.get(DbException.java:154)
	at org.h2.index.BaseIndex.getDuplicateKeyException(BaseIndex.java:103)
	at org.h2.index.PageBtree.find(PageBtree.java:121)
	at org.h2.index.PageBtreeLeaf.addRow(PageBtreeLeaf.java:151)
	at org.h2.index.PageBtreeLeaf.addRowTry(PageBtreeLeaf.java:104)
	at org.h2.index.PageBtreeIndex.addRow(PageBtreeIndex.java:97)
	at org.h2.index.PageBtreeIndex.add(PageBtreeIndex.java:88)
	at org.h2.table.RegularTable.addRow(RegularTable.java:120)
	at org.h2.command.dml.Insert.insertRows(Insert.java:157)
	at org.h2.command.dml.Insert.update(Insert.java:115)
	at org.h2.command.CommandContainer.update(CommandContainer.java:79)
	at org.h2.command.Command.executeUpdate(Command.java:254)
	at org.h2.server.TcpServerThread.process(TcpServerThread.java:346)
	at org.h2.server.TcpServerThread.run(TcpServerThread.java:160)
	at java.lang.Thread.run(Unknown Source)

