
2016-02-22 15:25:27,043 DEBUG c.n.Main [main] 
----------------Start report----------------
2016-02-22 15:25:27,045 TRACE c.n.Main [main] entry
2016-02-22 15:25:27,046 DEBUG c.n.Main [main] Save toWrite value to file with correct parameters:
2016-02-22 15:25:27,049 TRACE c.n.SaveTextToFile [main] entry params(text for write to file, E:\JavaPPP\savefile.txt)
2016-02-22 15:25:27,051 INFO c.n.SaveTextToFile [main] File E:\JavaPPP\savefile.txt has already existed.
2016-02-22 15:25:27,065 INFO c.n.SaveTextToFile [main] Text text for write to file have been written to file!
2016-02-22 15:25:27,066 DEBUG c.n.Main [main] Next row have to throw exception with message 'Path input object is null!'
2016-02-22 15:25:27,067 TRACE c.n.SaveTextToFile [main] entry params(text for write to file, null)
2016-02-22 15:25:27,067 ERROR c.n.SaveTextToFile [main] throwing
com.nixsolutions.CustomRTException: Path input object is null!
	at com.nixsolutions.SaveTextToFile.save(SaveTextToFile.java:33) [05_exceptions/:?]
	at com.nixsolutions.Main.main(Main.java:34) [05_exceptions/:?]
	at sun.reflect.NativeMethodAccessorImpl.invoke0(Native Method) ~[?:1.8.0_51]
	at sun.reflect.NativeMethodAccessorImpl.invoke(NativeMethodAccessorImpl.java:62) ~[?:1.8.0_51]
	at sun.reflect.DelegatingMethodAccessorImpl.invoke(DelegatingMethodAccessorImpl.java:43) ~[?:1.8.0_51]
	at java.lang.reflect.Method.invoke(Method.java:497) ~[?:1.8.0_51]
	at com.intellij.rt.execution.application.AppMain.main(AppMain.java:140) [idea_rt.jar:?]
2016-02-22 15:25:27,075 ERROR c.n.Main [main] catching
java.lang.NullPointerException
	at java.io.File.<init>(File.java:277) ~[?:1.8.0_51]
	at com.nixsolutions.SaveTextToFile.save(SaveTextToFile.java:34) ~[05_exceptions/:?]
	at com.nixsolutions.Main.main(Main.java:34) [05_exceptions/:?]
	at sun.reflect.NativeMethodAccessorImpl.invoke0(Native Method) ~[?:1.8.0_51]
	at sun.reflect.NativeMethodAccessorImpl.invoke(NativeMethodAccessorImpl.java:62) ~[?:1.8.0_51]
	at sun.reflect.DelegatingMethodAccessorImpl.invoke(DelegatingMethodAccessorImpl.java:43) ~[?:1.8.0_51]
	at java.lang.reflect.Method.invoke(Method.java:497) ~[?:1.8.0_51]
	at com.intellij.rt.execution.application.AppMain.main(AppMain.java:140) [idea_rt.jar:?]
2016-02-22 15:25:27,078 DEBUG c.n.Main [main] Next row throws Custom exception with text (Access is Denied) if start on Win8
2016-02-22 15:25:27,078 TRACE c.n.SaveTextToFile [main] entry params(text for write to file, c:)
2016-02-22 15:25:27,078 INFO c.n.SaveTextToFile [main] File c: has already existed.
2016-02-22 15:25:27,079 ERROR c.n.SaveTextToFile [main] c: (Access is denied)
java.io.FileNotFoundException: c: (Access is denied)
	at java.io.FileOutputStream.open0(Native Method) ~[?:1.8.0_51]
	at java.io.FileOutputStream.open(FileOutputStream.java:270) ~[?:1.8.0_51]
	at java.io.FileOutputStream.<init>(FileOutputStream.java:213) ~[?:1.8.0_51]
	at java.io.FileOutputStream.<init>(FileOutputStream.java:133) ~[?:1.8.0_51]
	at java.io.FileWriter.<init>(FileWriter.java:78) ~[?:1.8.0_51]
	at com.nixsolutions.SaveTextToFile.save(SaveTextToFile.java:46) [05_exceptions/:?]
	at com.nixsolutions.Main.main(Main.java:42) [05_exceptions/:?]
	at sun.reflect.NativeMethodAccessorImpl.invoke0(Native Method) ~[?:1.8.0_51]
	at sun.reflect.NativeMethodAccessorImpl.invoke(NativeMethodAccessorImpl.java:62) ~[?:1.8.0_51]
	at sun.reflect.DelegatingMethodAccessorImpl.invoke(DelegatingMethodAccessorImpl.java:43) ~[?:1.8.0_51]
	at java.lang.reflect.Method.invoke(Method.java:497) ~[?:1.8.0_51]
	at com.intellij.rt.execution.application.AppMain.main(AppMain.java:140) [idea_rt.jar:?]
2016-02-22 15:25:27,081 ERROR c.n.SaveTextToFile [main] throwing
com.nixsolutions.CustomRTException: Can't write text to file by path 'c:'!. Exception message: c: (Access is denied)
	at com.nixsolutions.SaveTextToFile.save(SaveTextToFile.java:54) [05_exceptions/:?]
	at com.nixsolutions.Main.main(Main.java:42) [05_exceptions/:?]
	at sun.reflect.NativeMethodAccessorImpl.invoke0(Native Method) ~[?:1.8.0_51]
	at sun.reflect.NativeMethodAccessorImpl.invoke(NativeMethodAccessorImpl.java:62) ~[?:1.8.0_51]
	at sun.reflect.DelegatingMethodAccessorImpl.invoke(DelegatingMethodAccessorImpl.java:43) ~[?:1.8.0_51]
	at java.lang.reflect.Method.invoke(Method.java:497) ~[?:1.8.0_51]
	at com.intellij.rt.execution.application.AppMain.main(AppMain.java:140) [idea_rt.jar:?]
2016-02-22 15:25:27,082 DEBUG c.n.Main [main] 
----------------End report----------------
